<?xml version="1.0" encoding="UTF-8"?>
<robot generator="Robot 6.0.2 (Python 3.10.6 on linux)" generated="20230302 08:04:59.318" rpa="false" schemaversion="3">
<suite id="s1" name="Ospf1" source="/home/ipvzero/Nornir/pyATS-Network-Testing/test/ospf1.robot">
<test id="s1-t1" name="Connect to device" line="9">
<kw name="use genie testbed &quot;testbed.yaml&quot;" library="genie.libs.robot.GenieRobot" sourcename="use genie testbed &quot;${testbed}&quot;">
<doc>*DEPRECATED* Please use the "use testbed "${testbed}" keyword instead.</doc>
<msg timestamp="20230302 08:05:00.075" level="WARN">Keyword 'genie.libs.robot.GenieRobot.use genie testbed "testbed.yaml"' is deprecated. Please use the "use testbed "${testbed}" keyword instead.</msg>
<msg timestamp="20230302 08:05:03.361" level="INFO">+------------------------------------------------------------------------------+
|                            Genie datafiles used:                             |
+------------------------------------------------------------------------------+</msg>
<msg timestamp="20230302 08:05:03.361" level="INFO">Trigger datafile          | </msg>
<msg timestamp="20230302 08:05:03.361" level="INFO">Verification  datafile    | </msg>
<msg timestamp="20230302 08:05:03.361" level="INFO">Pts datafile              | /home/ipvzero/Nornir/pyATS-Network-Testing/lib/python3.10/site-packages/genie/libs/sdk/genie_yamls/pts_datafile.yaml</msg>
<msg timestamp="20230302 08:05:03.361" level="INFO">Subsection datafile       | /home/ipvzero/Nornir/pyATS-Network-Testing/lib/python3.10/site-packages/genie/libs/sdk/genie_yamls/subsection_datafile.yaml</msg>
<msg timestamp="20230302 08:05:03.361" level="INFO">Config datafile           | None</msg>
<msg timestamp="20230302 08:05:03.374" level="WARN">Could not load the trigger datafile correctly, did you specify 'uut' device alias?</msg>
<status status="PASS" starttime="20230302 08:05:00.075" endtime="20230302 08:05:03.375"/>
</kw>
<kw name="connect to all devices" library="ats.robot.pyATSRobot">
<doc>Connect to all devices</doc>
<msg timestamp="20230302 08:05:03.376" level="INFO">Connecting to device 'Device R1, type iosxe'</msg>
<msg timestamp="20230302 08:05:03.376" level="INFO">kwargs: {}</msg>
<msg timestamp="20230302 08:05:05.453" level="INFO">Connecting to device 'Device R2, type iosxe'</msg>
<msg timestamp="20230302 08:05:05.453" level="INFO">kwargs: {}</msg>
<msg timestamp="20230302 08:05:07.669" level="INFO">Connecting to device 'Device R3, type iosxe'</msg>
<msg timestamp="20230302 08:05:07.669" level="INFO">kwargs: {}</msg>
<msg timestamp="20230302 08:05:09.864" level="INFO">Connecting to device 'Device R4, type iosxe'</msg>
<msg timestamp="20230302 08:05:09.864" level="INFO">kwargs: {}</msg>
<msg timestamp="20230302 08:05:11.836" level="INFO">Connecting to device 'Device R5, type iosxe'</msg>
<msg timestamp="20230302 08:05:11.836" level="INFO">kwargs: {}</msg>
<msg timestamp="20230302 08:05:14.226" level="INFO">2023-03-02 08:05:03,378: %UNICON-INFO: +++ R1 logfile /tmp/R1-cli-20230302T080503378.log +++

2023-03-02 08:05:03,379: %UNICON-INFO: +++ Unicon plugin iosxe (unicon.plugins.iosxe) +++

**************************************************************************
* IOSv is strictly limited to use for evaluation, demonstration and IOS  *
* education. IOSv is provided as-is and is not supported by Cisco's      *
* Technical Advisory Center. Any use or disclosure, in whole or in part, *
* of the IOSv Software or Documentation to any third party for any       *
* purposes is expressly prohibited except as otherwise authorized by     *
* Cisco in writing.                                                      *
**************************************************************************

2023-03-02 08:05:03,743: %UNICON-INFO: +++ connection to spawn: ssh -l ray 192.168.179.130, id: 140574495507168 +++

2023-03-02 08:05:03,743: %UNICON-INFO: connection to R1
(ray@192.168.179.130) Password: 

**************************************************************************
* IOSv is strictly limited to use for evaluation, demonstration and IOS  *
* education. IOSv is provided as-is and is not supported by Cisco's      *
* Technical Advisory Center. Any use or disclosure, in whole or in part, *
* of the IOSv Software or Documentation to any third party for any       *
* purposes is expressly prohibited except as otherwise authorized by     *
* Cisco in writing.                                                      *
**************************************************************************
R1#

2023-03-02 08:05:03,846: %UNICON-INFO: +++ initializing handle +++

2023-03-02 08:05:03,914: %UNICON-INFO: +++ R1 with via 'cli': executing command 'term length 0' +++
term length 0
R1#

2023-03-02 08:05:04,157: %UNICON-INFO: +++ R1 with via 'cli': executing command 'term width 0' +++
term width 0
R1#

2023-03-02 08:05:04,411: %UNICON-INFO: +++ R1 with via 'cli': executing command 'show version' +++
show version
Cisco IOS Software, IOSv Software (VIOS-ADVENTERPRISEK9-M), Version 15.9(3)M3, RELEASE SOFTWARE (fc1)
Technical Support: http://www.cisco.com/techsupport
Copyright (c) 1986-2021 by Cisco Systems, Inc.
Compiled Wed 27-Jan-21 09:58 by prod_rel_team


ROM: Bootstrap program is IOSv

R1 uptime is 2 days, 2 hours, 59 minutes
System returned to ROM by reload
System image file is "flash0:/vios-adventerprisek9-m"
Last reload reason: Unknown reason



This product contains cryptographic features and is subject to United
States and local country laws governing import, export, transfer and
use. Delivery of Cisco cryptographic products does not imply
third-party authority to import, export, distribute or use encryption.
Importers, exporters, distributors and users are responsible for
compliance with U.S. and local country laws. By using this product you
agree to comply with applicable laws and regulations. If you are unable
to comply with U.S. and local laws, return this product immediately.

A summary of U.S. laws governing Cisco cryptographic products may be found at:
http://www.cisco.com/wwl/export/crypto/tool/stqrg.html

If you require further assistance please contact us by sending email to
export@cisco.com.

Cisco IOSv (revision 1.0) with  with 984313K/62464K bytes of memory.
Processor board ID 97VEWJP2AJIAW8UW57SRD
4 Gigabit Ethernet interfaces
DRAM configuration is 72 bits wide with parity disabled.
256K bytes of non-volatile configuration memory.
2097152K bytes of ATA System CompactFlash 0 (Read/Write)
0K bytes of ATA CompactFlash 1 (Read/Write)
0K bytes of ATA CompactFlash 2 (Read/Write)
0K bytes of ATA CompactFlash 3 (Read/Write)



Configuration register is 0x0

R1#

2023-03-02 08:05:04,644: %UNICON-INFO: +++ R1 with via 'cli': configure +++
config term
Enter configuration commands, one per line.  End with CNTL/Z.
R1(config)#no logging console
R1(config)#line console 0
R1(config-line)#exec-timeout 0
R1(config-line)#line vty 0 4
R1(config-line)#exec-timeout 0
R1(config-line)#end
R1#

2023-03-02 08:05:05,455: %UNICON-INFO: +++ R2 logfile /tmp/R2-cli-20230302T080505454.log +++

2023-03-02 08:05:05,455: %UNICON-INFO: +++ Unicon plugin iosxe (unicon.plugins.iosxe) +++

**************************************************************************
* IOSv is strictly limited to use for evaluation, demonstration and IOS  *
* education. IOSv is provided as-is and is not supported by Cisco's      *
* Technical Advisory Center. Any use or disclosure, in whole or in part, *
* of the IOSv Software or Documentation to any third party for any       *
* purposes is expressly prohibited except as otherwise authorized by     *
* Cisco in writing.                                                      *
**************************************************************************

2023-03-02 08:05:05,982: %UNICON-INFO: +++ connection to spawn: ssh -l ray 192.168.179.131, id: 140574490434752 +++

2023-03-02 08:05:05,982: %UNICON-INFO: connection to R2
(ray@192.168.179.131) Password: 

**************************************************************************
* IOSv is strictly limited to use for evaluation, demonstration and IOS  *
* education. IOSv is provided as-is and is not supported by Cisco's      *
* Technical Advisory Center. Any use or disclosure, in whole or in part, *
* of the IOSv Software or Documentation to any third party for any       *
* purposes is expressly prohibited except as otherwise authorized by     *
* Cisco in writing.                                                      *
**************************************************************************
R2#

2023-03-02 08:05:06,067: %UNICON-INFO: +++ initializing handle +++

2023-03-02 08:05:06,134: %UNICON-INFO: +++ R2 with via 'cli': executing command 'term length 0' +++
term length 0
R2#

2023-03-02 08:05:06,407: %UNICON-INFO: +++ R2 with via 'cli': executing command 'term width 0' +++
term width 0
R2#

2023-03-02 08:05:06,655: %UNICON-INFO: +++ R2 with via 'cli': executing command 'show version' +++
show version
Cisco IOS Software, IOSv Software (VIOS-ADVENTERPRISEK9-M), Version 15.9(3)M3, RELEASE SOFTWARE (fc1)
Technical Support: http://www.cisco.com/techsupport
Copyright (c) 1986-2021 by Cisco Systems, Inc.
Compiled Wed 27-Jan-21 09:58 by prod_rel_team


ROM: Bootstrap program is IOSv

R2 uptime is 2 days, 2 hours, 59 minutes
System returned to ROM by reload
System image file is "flash0:/vios-adventerprisek9-m"
Last reload reason: Unknown reason



This product contains cryptographic features and is subject to United
States and local country laws governing import, export, transfer and
use. Delivery of Cisco cryptographic products does not imply
third-party authority to import, export, distribute or use encryption.
Importers, exporters, distributors and users are responsible for
compliance with U.S. and local country laws. By using this product you
agree to comply with applicable laws and regulations. If you are unable
to comply with U.S. and local laws, return this product immediately.

A summary of U.S. laws governing Cisco cryptographic products may be found at:
http://www.cisco.com/wwl/export/crypto/tool/stqrg.html

If you require further assistance please contact us by sending email to
export@cisco.com.

Cisco IOSv (revision 1.0) with  with 984313K/62464K bytes of memory.
Processor board ID 9RYLOYE8PS2EFRRXDLF1A
4 Gigabit Ethernet interfaces
DRAM configuration is 72 bits wide with parity disabled.
256K bytes of non-volatile configuration memory.
2097152K bytes of ATA System CompactFlash 0 (Read/Write)
0K bytes of ATA CompactFlash 1 (Read/Write)
0K bytes of ATA CompactFlash 2 (Read/Write)
0K bytes of ATA CompactFlash 3 (Read/Write)



Configuration register is 0x0

R2#

2023-03-02 08:05:06,875: %UNICON-INFO: +++ R2 with via 'cli': configure +++
config term
Enter configuration commands, one per line.  End with CNTL/Z.
R2(config)#no logging console
R2(config)#line console 0
R2(config-line)#exec-timeout 0
R2(config-line)#line vty 0 4
R2(config-line)#exec-timeout 0
R2(config-line)#end
R2#

2023-03-02 08:05:07,670: %UNICON-INFO: +++ R3 logfile /tmp/R3-cli-20230302T080507670.log +++

2023-03-02 08:05:07,671: %UNICON-INFO: +++ Unicon plugin iosxe (unicon.plugins.iosxe) +++

**************************************************************************
* IOSv is strictly limited to use for evaluation, demonstration and IOS  *
* education. IOSv is provided as-is and is not supported by Cisco's      *
* Technical Advisory Center. Any use or disclosure, in whole or in part, *
* of the IOSv Software or Documentation to any third party for any       *
* purposes is expressly prohibited except as otherwise authorized by     *
* Cisco in writing.                                                      *
**************************************************************************

2023-03-02 08:05:08,197: %UNICON-INFO: +++ connection to spawn: ssh -l ray 192.168.179.132, id: 140574490629776 +++

2023-03-02 08:05:08,198: %UNICON-INFO: connection to R3
(ray@192.168.179.132) Password: 

**************************************************************************
* IOSv is strictly limited to use for evaluation, demonstration and IOS  *
* education. IOSv is provided as-is and is not supported by Cisco's      *
* Technical Advisory Center. Any use or disclosure, in whole or in part, *
* of the IOSv Software or Documentation to any third party for any       *
* purposes is expressly prohibited except as otherwise authorized by     *
* Cisco in writing.                                                      *
**************************************************************************
R3#

2023-03-02 08:05:08,304: %UNICON-INFO: +++ initializing handle +++

2023-03-02 08:05:08,383: %UNICON-INFO: +++ R3 with via 'cli': executing command 'term length 0' +++
term length 0
R3#

2023-03-02 08:05:08,631: %UNICON-INFO: +++ R3 with via 'cli': executing command 'term width 0' +++
term width 0
R3#

2023-03-02 08:05:08,883: %UNICON-INFO: +++ R3 with via 'cli': executing command 'show version' +++
show version
Cisco IOS Software, IOSv Software (VIOS-ADVENTERPRISEK9-M), Version 15.9(3)M3, RELEASE SOFTWARE (fc1)
Technical Support: http://www.cisco.com/techsupport
Copyright (c) 1986-2021 by Cisco Systems, Inc.
Compiled Wed 27-Jan-21 09:58 by prod_rel_team


ROM: Bootstrap program is IOSv

R3 uptime is 2 days, 3 hours, 0 minutes
System returned to ROM by reload
System image file is "flash0:/vios-adventerprisek9-m"
Last reload reason: Unknown reason



This product contains cryptographic features and is subject to United
States and local country laws governing import, export, transfer and
use. Delivery of Cisco cryptographic products does not imply
third-party authority to import, export, distribute or use encryption.
Importers, exporters, distributors and users are responsible for
compliance with U.S. and local country laws. By using this product you
agree to comply with applicable laws and regulations. If you are unable
to comply with U.S. and local laws, return this product immediately.

A summary of U.S. laws governing Cisco cryptographic products may be found at:
http://www.cisco.com/wwl/export/crypto/tool/stqrg.html

If you require further assistance please contact us by sending email to
export@cisco.com.

Cisco IOSv (revision 1.0) with  with 984313K/62464K bytes of memory.
Processor board ID 9LQUYJU0LZBU7EVKLIM9P
4 Gigabit Ethernet interfaces
DRAM configuration is 72 bits wide with parity disabled.
256K bytes of non-volatile configuration memory.
2097152K bytes of ATA System CompactFlash 0 (Read/Write)
0K bytes of ATA CompactFlash 1 (Read/Write)
0K bytes of ATA CompactFlash 2 (Read/Write)
0K bytes of ATA CompactFlash 3 (Read/Write)



Configuration register is 0x0

R3#

2023-03-02 08:05:09,086: %UNICON-INFO: +++ R3 with via 'cli': configure +++
config term
Enter configuration commands, one per line.  End with CNTL/Z.
R3(config)#no logging console
R3(config)#line console 0
R3(config-line)#exec-timeout 0
R3(config-line)#line vty 0 4
R3(config-line)#exec-timeout 0
R3(config-line)#end
R3#

2023-03-02 08:05:09,866: %UNICON-INFO: +++ R4 logfile /tmp/R4-cli-20230302T080509865.log +++

2023-03-02 08:05:09,866: %UNICON-INFO: +++ Unicon plugin iosxe (unicon.plugins.iosxe) +++

**************************************************************************
* IOSv is strictly limited to use for evaluation, demonstration and IOS  *
* education. IOSv is provided as-is and is not supported by Cisco's      *
* Technical Advisory Center. Any use or disclosure, in whole or in part, *
* of the IOSv Software or Documentation to any third party for any       *
* purposes is expressly prohibited except as otherwise authorized by     *
* Cisco in writing.                                                      *
**************************************************************************

2023-03-02 08:05:10,206: %UNICON-INFO: +++ connection to spawn: ssh -l ray 192.168.179.133, id: 140574490873904 +++

2023-03-02 08:05:10,206: %UNICON-INFO: connection to R4
(ray@192.168.179.133) Password: 

**************************************************************************
* IOSv is strictly limited to use for evaluation, demonstration and IOS  *
* education. IOSv is provided as-is and is not supported by Cisco's      *
* Technical Advisory Center. Any use or disclosure, in whole or in part, *
* of the IOSv Software or Documentation to any third party for any       *
* purposes is expressly prohibited except as otherwise authorized by     *
* Cisco in writing.                                                      *
**************************************************************************
R4#

2023-03-02 08:05:10,304: %UNICON-INFO: +++ initializing handle +++

2023-03-02 08:05:10,388: %UNICON-INFO: +++ R4 with via 'cli': executing command 'term length 0' +++
term length 0
R4#

2023-03-02 08:05:10,641: %UNICON-INFO: +++ R4 with via 'cli': executing command 'term width 0' +++
term width 0
R4#

2023-03-02 08:05:10,886: %UNICON-INFO: +++ R4 with via 'cli': executing command 'show version' +++
show version
Cisco IOS Software, IOSv Software (VIOS-ADVENTERPRISEK9-M), Version 15.9(3)M3, RELEASE SOFTWARE (fc1)
Technical Support: http://www.cisco.com/techsupport
Copyright (c) 1986-2021 by Cisco Systems, Inc.
Compiled Wed 27-Jan-21 09:58 by prod_rel_team


ROM: Bootstrap program is IOSv

R4 uptime is 2 days, 3 hours, 0 minutes
System returned to ROM by reload
System image file is "flash0:/vios-adventerprisek9-m"
Last reload reason: Unknown reason



This product contains cryptographic features and is subject to United
States and local country laws governing import, export, transfer and
use. Delivery of Cisco cryptographic products does not imply
third-party authority to import, export, distribute or use encryption.
Importers, exporters, distributors and users are responsible for
compliance with U.S. and local country laws. By using this product you
agree to comply with applicable laws and regulations. If you are unable
to comply with U.S. and local laws, return this product immediately.

A summary of U.S. laws governing Cisco cryptographic products may be found at:
http://www.cisco.com/wwl/export/crypto/tool/stqrg.html

If you require further assistance please contact us by sending email to
export@cisco.com.

Cisco IOSv (revision 1.0) with  with 984313K/62464K bytes of memory.
Processor board ID 923A2Q5VPBUVRZHTQK1QJ
4 Gigabit Ethernet interfaces
DRAM configuration is 72 bits wide with parity disabled.
256K bytes of non-volatile configuration memory.
2097152K bytes of ATA System CompactFlash 0 (Read/Write)
0K bytes of ATA CompactFlash 1 (Read/Write)
0K bytes of ATA CompactFlash 2 (Read/Write)
0K bytes of ATA CompactFlash 3 (Read/Write)



Configuration register is 0x0

R4#

2023-03-02 08:05:11,089: %UNICON-INFO: +++ R4 with via 'cli': configure +++
config term
Enter configuration commands, one per line.  End with CNTL/Z.
R4(config)#no logging console
R4(config)#line console 0
R4(config-line)#exec-timeout 0
R4(config-line)#line vty 0 4
R4(config-line)#exec-timeout 0
R4(config-line)#end
R4#

2023-03-02 08:05:11,838: %UNICON-INFO: +++ R5 logfile /tmp/R5-cli-20230302T080511837.log +++

2023-03-02 08:05:11,838: %UNICON-INFO: +++ Unicon plugin iosxe (unicon.plugins.iosxe) +++

**************************************************************************
* IOSv is strictly limited to use for evaluation, demonstration and IOS  *
* education. IOSv is provided as-is and is not supported by Cisco's      *
* Technical Advisory Center. Any use or disclosure, in whole or in part, *
* of the IOSv Software or Documentation to any third party for any       *
* purposes is expressly prohibited except as otherwise authorized by     *
* Cisco in writing.                                                      *
**************************************************************************

2023-03-02 08:05:12,371: %UNICON-INFO: +++ connection to spawn: ssh -l ray 192.168.179.134, id: 140574490995072 +++

2023-03-02 08:05:12,371: %UNICON-INFO: connection to R5
(ray@192.168.179.134) Password: 

**************************************************************************
* IOSv is strictly limited to use for evaluation, demonstration and IOS  *
* education. IOSv is provided as-is and is not supported by Cisco's      *
* Technical Advisory Center. Any use or disclosure, in whole or in part, *
* of the IOSv Software or Documentation to any third party for any       *
* purposes is expressly prohibited except as otherwise authorized by     *
* Cisco in writing.                                                      *
**************************************************************************
R5#

2023-03-02 08:05:12,469: %UNICON-INFO: +++ initializing handle +++

2023-03-02 08:05:12,536: %UNICON-INFO: +++ R5 with via 'cli': executing command 'term length 0' +++
term length 0
R5#

2023-03-02 08:05:12,802: %UNICON-INFO: +++ R5 with via 'cli': executing command 'term width 0' +++
term width 0
R5#

2023-03-02 08:05:13,081: %UNICON-INFO: +++ R5 with via 'cli': executing command 'show version' +++
show version
Cisco IOS Software, IOSv Software (VIOS-ADVENTERPRISEK9-M), Version 15.9(3)M3, RELEASE SOFTWARE (fc1)
Technical Support: http://www.cisco.com/techsupport
Copyright (c) 1986-2021 by Cisco Systems, Inc.
Compiled Wed 27-Jan-21 09:58 by prod_rel_team


ROM: Bootstrap program is IOSv

R5 uptime is 2 days, 3 hours, 0 minutes
System returned to ROM by reload
System image file is "flash0:/vios-adventerprisek9-m"
Last reload reason: Unknown reason



This product contains cryptographic features and is subject to United
States and local country laws governing import, export, transfer and
use. Delivery of Cisco cryptographic products does not imply
third-party authority to import, export, distribute or use encryption.
Importers, exporters, distributors and users are responsible for
compliance with U.S. and local country laws. By using this product you
agree to comply with applicable laws and regulations. If you are unable
to comply with U.S. and local laws, return this product immediately.

A summary of U.S. laws governing Cisco cryptographic products may be found at:
http://www.cisco.com/wwl/export/crypto/tool/stqrg.html

If you require further assistance please contact us by sending email to
export@cisco.com.

Cisco IOSv (revision 1.0) with  with 984313K/62464K bytes of memory.
Processor board ID 96V79FGKMY5FCW7K6ZV0V
4 Gigabit Ethernet interfaces
DRAM configuration is 72 bits wide with parity disabled.
256K bytes of non-volatile configuration memory.
2097152K bytes of ATA System CompactFlash 0 (Read/Write)
0K bytes of ATA CompactFlash 1 (Read/Write)
0K bytes of ATA CompactFlash 2 (Read/Write)
0K bytes of ATA CompactFlash 3 (Read/Write)



Configuration register is 0x0

R5#

2023-03-02 08:05:13,314: %UNICON-INFO: +++ R5 with via 'cli': configure +++
config term
Enter configuration commands, one per line.  End with CNTL/Z.
R5(config)#no logging console
R5(config)#line console 0
R5(config-line)#exec-timeout 0
R5(config-line)#line vty 0 4
R5(config-line)#exec-timeout 0
R5(config-line)#end
R5#</msg>
<status status="PASS" starttime="20230302 08:05:03.376" endtime="20230302 08:05:14.226"/>
</kw>
<status status="PASS" starttime="20230302 08:05:00.074" endtime="20230302 08:05:14.227"/>
</test>
<test id="s1-t2" name="Verify OSPF Neighbors" line="13">
<kw name="verify count &quot;3&quot; &quot;ospf neighbors&quot; on device &quot;R1&quot;" library="genie.libs.robot.GenieRobot" sourcename="verify count &quot;${number:[^&quot;]+}&quot; &quot;${structure:[^&quot;]+}&quot; on device &quot;${device:[^&quot;]+}&quot;">
<doc>Verify that a specific number of &lt;...&gt; is &lt;...&gt; on a device.</doc>
<msg timestamp="20230302 08:05:24.644" level="INFO">Could not learn &lt;class 'genie.libs.parser.iosxe.show_ospf.ShowIpOspfVirtualLinks'&gt;
Show Command: show ip ospf virtual-links
Parser Output is empty</msg>
<msg timestamp="20230302 08:05:43.729" level="INFO">Could not learn &lt;class 'genie.libs.parser.iosxe.show_ospf.ShowIpOspfShamLinks'&gt;
Show Command: show ip ospf sham-links
Parser Output is empty</msg>
<msg timestamp="20230302 08:05:43.730" level="INFO">+====================================================================================================================================================+</msg>
<msg timestamp="20230302 08:05:43.730" level="INFO">| Commands for learning feature 'Ospf'                                                                                                               |</msg>
<msg timestamp="20230302 08:05:43.730" level="INFO">+====================================================================================================================================================+</msg>
<msg timestamp="20230302 08:05:43.730" level="INFO">| - Parsed commands                                                                                                                                  |</msg>
<msg timestamp="20230302 08:05:43.730" level="INFO">|----------------------------------------------------------------------------------------------------------------------------------------------------|</msg>
<msg timestamp="20230302 08:05:43.730" level="INFO">|   cmd: &lt;class 'genie.libs.parser.iosxe.show_ospf.ShowIpOspf'&gt;                                                                                      |</msg>
<msg timestamp="20230302 08:05:43.730" level="INFO">|   cmd: &lt;class 'genie.libs.parser.iosxe.show_protocols.ShowIpProtocols'&gt;, arguments: {'vrf':''}                                                     |</msg>
<msg timestamp="20230302 08:05:43.730" level="INFO">|   cmd: &lt;class 'genie.libs.parser.iosxe.show_ospf.ShowIpOspfMplsLdpInterface'&gt;, arguments: {'interface':''}                                         |</msg>
<msg timestamp="20230302 08:05:43.731" level="INFO">|   cmd: &lt;class 'genie.libs.parser.iosxe.show_ospf.ShowIpOspfMplsTrafficEngLink'&gt;                                                                    |</msg>
<msg timestamp="20230302 08:05:43.731" level="INFO">|   cmd: &lt;class 'genie.libs.parser.iosxe.show_ospf.ShowIpOspfDatabaseRouter'&gt;                                                                        |</msg>
<msg timestamp="20230302 08:05:43.731" level="INFO">|   cmd: &lt;class 'genie.libs.parser.iosxe.show_ospf.ShowIpOspfDatabaseNetwork'&gt;                                                                       |</msg>
<msg timestamp="20230302 08:05:43.731" level="INFO">|   cmd: &lt;class 'genie.libs.parser.iosxe.show_ospf.ShowIpOspfDatabaseExternal'&gt;                                                                      |</msg>
<msg timestamp="20230302 08:05:43.731" level="INFO">|   cmd: &lt;class 'genie.libs.parser.iosxe.show_ospf.ShowIpOspfDatabaseSummary'&gt;                                                                       |</msg>
<msg timestamp="20230302 08:05:43.731" level="INFO">|   cmd: &lt;class 'genie.libs.parser.iosxe.show_ospf.ShowIpOspfDatabaseOpaqueArea'&gt;                                                                    |</msg>
<msg timestamp="20230302 08:05:43.731" level="INFO">|   cmd: &lt;class 'genie.libs.parser.iosxe.show_ospf.ShowIpOspfInterface'&gt;, arguments: {'interface':''}                                                |</msg>
<msg timestamp="20230302 08:05:43.731" level="INFO">|   cmd: &lt;class 'genie.libs.parser.iosxe.show_ospf.ShowIpOspfNeighborDetail'&gt;, arguments: {'neighbor':''}                                            |</msg>
<msg timestamp="20230302 08:05:43.731" level="INFO">|====================================================================================================================================================|</msg>
<msg timestamp="20230302 08:05:43.731" level="INFO">| - Commands with empty output                                                                                                                       |</msg>
<msg timestamp="20230302 08:05:43.731" level="INFO">|----------------------------------------------------------------------------------------------------------------------------------------------------|</msg>
<msg timestamp="20230302 08:05:43.731" level="INFO">|   cmd: &lt;class 'genie.libs.parser.iosxe.show_ospf.ShowIpOspfVirtualLinks'&gt;                                                                          |</msg>
<msg timestamp="20230302 08:05:43.731" level="INFO">|   cmd: &lt;class 'genie.libs.parser.iosxe.show_ospf.ShowIpOspfShamLinks'&gt;                                                                             |</msg>
<msg timestamp="20230302 08:05:43.731" level="INFO">|====================================================================================================================================================|</msg>
<msg timestamp="20230302 08:05:43.859" level="INFO">2023-03-02 08:05:15,729: %UNICON-INFO: +++ R1 with via 'cli': executing command 'show ip ospf' +++
show ip ospf
 Routing Process "ospf 1" with ID 1.1.1.1
 Start time: 00:19:38.312, Time elapsed: 2d02h
 Supports only single TOS(TOS0) routes
 Supports opaque LSA
 Supports Link-local Signaling (LLS)
 Supports area transit capability
 Supports NSSA (compatible with RFC 3101)
 Supports Database Exchange Summary List Optimization (RFC 5243)
 Event-log enabled, Maximum number of events: 1000, Mode: cyclic
 Router is not originating router-LSAs with maximum metric
 Initial SPF schedule delay 5000 msecs
 Minimum hold time between two consecutive SPFs 10000 msecs
 Maximum wait time between two consecutive SPFs 10000 msecs
 Incremental-SPF disabled
 Minimum LSA interval 5 secs
 Minimum LSA arrival 1000 msecs
 LSA group pacing timer 240 secs
 Interface flood pacing timer 33 msecs
 Retransmission pacing timer 66 msecs
 EXCHANGE/LOADING adjacency limit: initial 300, process maximum 300
 Number of external LSA 0. Checksum Sum 0x000000
 Number of opaque AS LSA 0. Checksum Sum 0x000000
 Number of DCbitless external and opaque AS LSA 0
 Number of DoNotAge external and opaque AS LSA 0
 Number of areas in this router is 1. 1 normal 0 stub 0 nssa
 Number of areas transit capable is 0
 External flood list length 0
 IETF NSF helper support enabled
 Cisco NSF helper support enabled
 Reference bandwidth unit is 100 mbps
    Area BACKBONE(0)
        Number of interfaces in this area is 3
	Area has no authentication
	SPF algorithm last executed 00:03:35.328 ago
	SPF algorithm executed 42 times
	Area ranges are
	Number of LSA 11. Checksum Sum 0x0564A1
	Number of opaque link LSA 0. Checksum Sum 0x000000
	Number of DCbitless LSA 0
	Number of indication LSA 0
	Number of DoNotAge LSA 0
	Flood list length 0

R1#

2023-03-02 08:05:16,065: %UNICON-INFO: +++ R1 with via 'cli': executing command 'show ip protocols' +++
show ip protocols
*** IP Routing is NSF aware ***

Routing Protocol is "application"
  Sending updates every 0 seconds
  Invalid after 0 seconds, hold down 0, flushed after 0
  Outgoing update filter list for all interfaces is not set
  Incoming update filter list for all interfaces is not set
  Maximum path: 32
  Routing for Networks:
  Routing Information Sources:
    Gateway         Distance      Last Update
  Distance: (default is 4)

Routing Protocol is "ospf 1"
  Outgoing update filter list for all interfaces is not set
  Incoming update filter list for all interfaces is not set
  Router ID 1.1.1.1
  Number of areas in this router is 1. 1 normal 0 stub 0 nssa
  Maximum path: 4
  Routing for Networks:
  Routing on Interfaces Configured Explicitly (Area 0):
    GigabitEthernet0/3
    GigabitEthernet0/2
    GigabitEthernet0/1
  Routing Information Sources:
    Gateway         Distance      Last Update
    5.5.5.5              110      2d02h
    4.4.4.4              110      17:59:05
    2.2.2.2              110      00:03:35
    3.3.3.3              110      2d02h
  Distance: (default is 110)

R1#

2023-03-02 08:05:16,368: %UNICON-INFO: +++ R1 with via 'cli': executing command 'show running-config | section router ospf 1' +++
show running-config | section router ospf 1
router ospf 1
 router-id 1.1.1.1
R1#

2023-03-02 08:05:19,040: %UNICON-INFO: +++ R1 with via 'cli': executing command 'show ip ospf mpls ldp interface' +++
show ip ospf mpls ldp interface
GigabitEthernet0/3
  Process ID 1, Area 0
  LDP is not configured through LDP autoconfig
  LDP-IGP Synchronization : Not required
  Holddown timer is disabled
  Interface is up 
GigabitEthernet0/2
  Process ID 1, Area 0
  LDP is not configured through LDP autoconfig
  LDP-IGP Synchronization : Not required
  Holddown timer is disabled
  Interface is up 
GigabitEthernet0/1
  Process ID 1, Area 0
  LDP is not configured through LDP autoconfig
  LDP-IGP Synchronization : Not required
  Holddown timer is disabled
  Interface is up 
R1#

2023-03-02 08:05:19,448: %UNICON-INFO: +++ R1 with via 'cli': executing command 'show ip ospf mpls traffic-eng link' +++
show ip ospf mpls traffic-eng link

            OSPF Router with ID (1.1.1.1) (Process ID 1)

  Area 0 MPLS TE not initialized
R1#

2023-03-02 08:05:19,845: %UNICON-INFO: +++ R1 with via 'cli': executing command 'show running-config | section router ospf 1' +++
show running-config | section router ospf 1
router ospf 1
 router-id 1.1.1.1
R1#

2023-03-02 08:05:22,498: %UNICON-INFO: +++ R1 with via 'cli': executing command 'show ip ospf database router' +++
show ip ospf database router

            OSPF Router with ID (1.1.1.1) (Process ID 1)

		Router Link States (Area 0)

  LS age: 226
  Options: (No TOS-capability, DC)
  LS Type: Router Links
  Link State ID: 1.1.1.1
  Advertising Router: 1.1.1.1
  LS Seq Number: 8000007B
  Checksum: 0x3F9B
  Length: 60
  Number of Links: 3

    Link connected to: a Transit Network
     (Link ID) Designated Router address: 192.168.8.1
     (Link Data) Router Interface address: 192.168.8.1
      Number of MTID metrics: 0
       TOS 0 Metrics: 1

    Link connected to: a Transit Network
     (Link ID) Designated Router address: 192.168.9.2
     (Link Data) Router Interface address: 192.168.9.1
      Number of MTID metrics: 0
       TOS 0 Metrics: 1

    Link connected to: a Transit Network
     (Link ID) Designated Router address: 192.168.10.1
     (Link Data) Router Interface address: 192.168.10.1
      Number of MTID metrics: 0
       TOS 0 Metrics: 1


  LS age: 1605
  Options: (No TOS-capability, DC)
  LS Type: Router Links
  Link State ID: 2.2.2.2
  Advertising Router: 2.2.2.2
  LS Seq Number: 80000070
  Checksum: 0x3BF
  Length: 60
  Number of Links: 3

    Link connected to: a Transit Network
     (Link ID) Designated Router address: 192.168.13.5
     (Link Data) Router Interface address: 192.168.13.2
      Number of MTID metrics: 0
       TOS 0 Metrics: 1

    Link connected to: a Transit Network
     (Link ID) Designated Router address: 192.168.12.2
     (Link Data) Router Interface address: 192.168.12.2
      Number of MTID metrics: 0
       TOS 0 Metrics: 1

    Link connected to: a Transit Network
     (Link ID) Designated Router address: 192.168.11.3
     (Link Data) Router Interface address: 192.168.11.2
      Number of MTID metrics: 0
       TOS 0 Metrics: 1


  LS age: 123
  Options: (No TOS-capability, DC)
  LS Type: Router Links
  Link State ID: 3.3.3.3
  Advertising Router: 3.3.3.3
  LS Seq Number: 80000068
  Checksum: 0x6F5A
  Length: 48
  Number of Links: 2

    Link connected to: a Transit Network
     (Link ID) Designated Router address: 192.168.11.3
     (Link Data) Router Interface address: 192.168.11.3
      Number of MTID metrics: 0
       TOS 0 Metrics: 1

    Link connected to: a Transit Network
     (Link ID) Designated Router address: 192.168.10.1
     (Link Data) Router Interface address: 192.168.10.3
      Number of MTID metrics: 0
       TOS 0 Metrics: 1


  LS age: 222
  Options: (No TOS-capability, DC)
  LS Type: Router Links
  Link State ID: 4.4.4.4
  Advertising Router: 4.4.4.4
  LS Seq Number: 8000006E
  Checksum: 0xFEBC
  Length: 48
  Number of Links: 2

    Link connected to: a Transit Network
     (Link ID) Designated Router address: 192.168.12.2
     (Link Data) Router Interface address: 192.168.12.4
      Number of MTID metrics: 0
       TOS 0 Metrics: 1

    Link connected to: a Transit Network
     (Link ID) Designated Router address: 192.168.9.2
     (Link Data) Router Interface address: 192.168.9.2
      Number of MTID metrics: 0
       TOS 0 Metrics: 1


  LS age: 1005
  Options: (No TOS-capability, DC)
  LS Type: Router Links
  Link State ID: 5.5.5.5
  Advertising Router: 5.5.5.5
  LS Seq Number: 80000061
  Checksum: 0x19A1
  Length: 48
  Number of Links: 2

    Link connected to: a Transit Network
     (Link ID) Designated Router address: 192.168.13.5
     (Link Data) Router Interface address: 192.168.13.5
      Number of MTID metrics: 0
       TOS 0 Metrics: 1

    Link connected to: a Transit Network
     (Link ID) Designated Router address: 192.168.8.1
     (Link Data) Router Interface address: 192.168.8.5
      Number of MTID metrics: 0
       TOS 0 Metrics: 1


R1#

2023-03-02 08:05:22,919: %UNICON-INFO: +++ R1 with via 'cli': executing command 'show ip ospf database network' +++
show ip ospf database network

            OSPF Router with ID (1.1.1.1) (Process ID 1)

		Net Link States (Area 0)

  LS age: 293
  Options: (No TOS-capability, DC)
  LS Type: Network Links
  Link State ID: 192.168.8.1 (address of Designated Router)
  Advertising Router: 1.1.1.1
  LS Seq Number: 8000005B
  Checksum: 0xD57B
  Length: 32
  Network Mask: /24
	Attached Router: 1.1.1.1
	Attached Router: 5.5.5.5

  LS age: 227
  Options: (No TOS-capability, DC)
  LS Type: Network Links
  Link State ID: 192.168.9.2 (address of Designated Router)
  Advertising Router: 4.4.4.4
  LS Seq Number: 80000001
  Checksum: 0xB8E8
  Length: 32
  Network Mask: /24
	Attached Router: 4.4.4.4
	Attached Router: 1.1.1.1

  LS age: 790
  Options: (No TOS-capability, DC)
  LS Type: Network Links
  Link State ID: 192.168.10.1 (address of Designated Router)
  Advertising Router: 1.1.1.1
  LS Seq Number: 8000005B
  Checksum: 0x5BFB
  Length: 32
  Network Mask: /24
	Attached Router: 1.1.1.1
	Attached Router: 3.3.3.3

  LS age: 124
  Options: (No TOS-capability, DC)
  LS Type: Network Links
  Link State ID: 192.168.11.3 (address of Designated Router)
  Advertising Router: 3.3.3.3
  LS Seq Number: 8000005B
  Checksum: 0x1236
  Length: 32
  Network Mask: /24
	Attached Router: 3.3.3.3
	Attached Router: 2.2.2.2

  LS age: 1605
  Options: (No TOS-capability, DC)
  LS Type: Network Links
  Link State ID: 192.168.12.2 (address of Designated Router)
  Advertising Router: 2.2.2.2
  LS Seq Number: 8000003E
  Checksum: 0xABB9
  Length: 32
  Network Mask: /24
	Attached Router: 2.2.2.2
	Attached Router: 4.4.4.4

  LS age: 1006
  Options: (No TOS-capability, DC)
  LS Type: Network Links
  Link State ID: 192.168.13.5 (address of Designated Router)
  Advertising Router: 5.5.5.5
  LS Seq Number: 8000005A
  Checksum: 0xF143
  Length: 32
  Network Mask: /24
	Attached Router: 5.5.5.5
	Attached Router: 2.2.2.2

R1#

2023-03-02 08:05:23,284: %UNICON-INFO: +++ R1 with via 'cli': executing command 'show ip ospf database external' +++
show ip ospf database external

            OSPF Router with ID (1.1.1.1) (Process ID 1)
R1#

2023-03-02 08:05:23,618: %UNICON-INFO: +++ R1 with via 'cli': executing command 'show ip ospf database summary' +++
show ip ospf database summary

            OSPF Router with ID (1.1.1.1) (Process ID 1)
R1#

2023-03-02 08:05:24,001: %UNICON-INFO: +++ R1 with via 'cli': executing command 'show ip ospf database opaque-area' +++
show ip ospf database opaque-area

            OSPF Router with ID (1.1.1.1) (Process ID 1)
R1#

2023-03-02 08:05:24,365: %UNICON-INFO: +++ R1 with via 'cli': executing command 'show ip ospf virtual-links' +++
show ip ospf virtual-links
R1#

2023-03-02 08:05:24,709: %UNICON-INFO: +++ R1 with via 'cli': executing command 'show ip ospf interface' +++
show ip ospf interface
GigabitEthernet0/3 is up, line protocol is up 
  Internet Address 192.168.8.1/24, Area 0, Attached via Interface Enable
  Process ID 1, Router ID 1.1.1.1, Network Type BROADCAST, Cost: 1
  Topology-MTID    Cost    Disabled    Shutdown      Topology Name
        0           1         no          no            Base
  Enabled by interface config, including secondary ip addresses
  Transmit Delay is 1 sec, State DR, Priority 1
  Designated Router (ID) 1.1.1.1, Interface address 192.168.8.1
  Backup Designated router (ID) 5.5.5.5, Interface address 192.168.8.5
  Timer intervals configured, Hello 10, Dead 40, Wait 40, Retransmit 5
    oob-resync timeout 40
    Hello due in 00:00:07
  Supports Link-local Signaling (LLS)
  Cisco NSF helper support enabled
  IETF NSF helper support enabled
  Index 1/3/3, flood queue length 0
  Next 0x0(0)/0x0(0)/0x0(0)
  Last flood scan length is 2, maximum is 2
  Last flood scan time is 0 msec, maximum is 6 msec
  Neighbor Count is 1, Adjacent neighbor count is 1 
    Adjacent with neighbor 5.5.5.5  (Backup Designated Router)
  Suppress hello for 0 neighbor(s)
GigabitEthernet0/2 is up, line protocol is up 
  Internet Address 192.168.9.1/24, Area 0, Attached via Interface Enable
  Process ID 1, Router ID 1.1.1.1, Network Type BROADCAST, Cost: 1
  Topology-MTID    Cost    Disabled    Shutdown      Topology Name
        0           1         no          no            Base
  Enabled by interface config, including secondary ip addresses
  Transmit Delay is 1 sec, State BDR, Priority 1
  Designated Router (ID) 4.4.4.4, Interface address 192.168.9.2
  Backup Designated router (ID) 1.1.1.1, Interface address 192.168.9.1
  Timer intervals configured, Hello 10, Dead 40, Wait 40, Retransmit 5
    oob-resync timeout 40
    Hello due in 00:00:03
  Supports Link-local Signaling (LLS)
  Cisco NSF helper support enabled
  IETF NSF helper support enabled
  Index 1/2/2, flood queue length 0
  Next 0x0(0)/0x0(0)/0x0(0)
  Last flood scan length is 2, maximum is 2
  Last flood scan time is 0 msec, maximum is 3 msec
  Neighbor Count is 1, Adjacent neighbor count is 1 
    Adjacent with neighbor 4.4.4.4  (Designated Router)
  Suppress hello for 0 neighbor(s)
GigabitEthernet0/1 is up, line protocol is up 
  Internet Address 192.168.10.1/24, Area 0, Attached via Interface Enable
  Process ID 1, Router ID 1.1.1.1, Network Type BROADCAST, Cost: 1
  Topology-MTID    Cost    Disabled    Shutdown      Topology Name
        0           1         no          no            Base
  Enabled by interface config, including secondary ip addresses
  Transmit Delay is 1 sec, State DR, Priority 1
  Designated Router (ID) 1.1.1.1, Interface address 192.168.10.1
  Backup Designated router (ID) 3.3.3.3, Interface address 192.168.10.3
  Timer intervals configured, Hello 10, Dead 40, Wait 40, Retransmit 5
    oob-resync timeout 40
    Hello due in 00:00:03
  Supports Link-local Signaling (LLS)
  Cisco NSF helper support enabled
  IETF NSF helper support enabled
  Index 1/1/1, flood queue length 0
  Next 0x0(0)/0x0(0)/0x0(0)
  Last flood scan length is 0, maximum is 2
  Last flood scan time is 0 msec, maximum is 5 msec
  Neighbor Count is 1, Adjacent neighbor count is 1 
    Adjacent with neighbor 3.3.3.3  (Backup Designated Router)
  Suppress hello for 0 neighbor(s)
R1#

2023-03-02 08:05:25,197: %UNICON-INFO: +++ R1 with via 'cli': executing command 'show running-config | section router ospf 1' +++
show running-config | section router ospf 1
router ospf 1
 router-id 1.1.1.1
R1#

2023-03-02 08:05:28,234: %UNICON-INFO: +++ R1 with via 'cli': executing command 'show running-config | section router ospf 1' +++
show running-config | section router ospf 1
router ospf 1
 router-id 1.1.1.1
R1#

2023-03-02 08:05:31,002: %UNICON-INFO: +++ R1 with via 'cli': executing command 'show running-config | section router ospf 1' +++
show running-config | section router ospf 1
router ospf 1
 router-id 1.1.1.1
R1#

2023-03-02 08:05:33,762: %UNICON-INFO: +++ R1 with via 'cli': executing command 'show ip ospf neighbor detail' +++
show ip ospf neighbor detail
 Neighbor 5.5.5.5, interface address 192.168.8.5
    In the area 0 via interface GigabitEthernet0/3
    Neighbor priority is 1, State is FULL, 6 state changes
    DR is 192.168.8.1 BDR is 192.168.8.5
    Options is 0x12 in Hello (E-bit, L-bit)
    Options is 0x52 in DBD (E-bit, L-bit, O-bit)
    LLS Options is 0x1 (LR)
    Dead timer due in 00:00:31
    Neighbor is up for 2d02h   
    Index 1/3/3, retransmission queue length 0, number of retransmission 0
    First 0x0(0)/0x0(0)/0x0(0) Next 0x0(0)/0x0(0)/0x0(0)
    Last retransmission scan length is 0, maximum is 0
    Last retransmission scan time is 0 msec, maximum is 0 msec
 Neighbor 4.4.4.4, interface address 192.168.9.2
    In the area 0 via interface GigabitEthernet0/2
    Neighbor priority is 1, State is FULL, 6 state changes
    DR is 192.168.9.2 BDR is 192.168.9.1
    Options is 0x12 in Hello (E-bit, L-bit)
    Options is 0x52 in DBD (E-bit, L-bit, O-bit)
    LLS Options is 0x1 (LR)
    Dead timer due in 00:00:32
    Neighbor is up for 00:03:57
    Index 1/1/1, retransmission queue length 0, number of retransmission 0
    First 0x0(0)/0x0(0)/0x0(0) Next 0x0(0)/0x0(0)/0x0(0)
    Last retransmission scan length is 0, maximum is 0
    Last retransmission scan time is 0 msec, maximum is 0 msec
 Neighbor 3.3.3.3, interface address 192.168.10.3
    In the area 0 via interface GigabitEthernet0/1
    Neighbor priority is 1, State is FULL, 6 state changes
    DR is 192.168.10.1 BDR is 192.168.10.3
    Options is 0x12 in Hello (E-bit, L-bit)
    Options is 0x52 in DBD (E-bit, L-bit, O-bit)
    LLS Options is 0x1 (LR)
    Dead timer due in 00:00:32
    Neighbor is up for 2d02h   
    Index 2/2/2, retransmission queue length 0, number of retransmission 1
    First 0x0(0)/0x0(0)/0x0(0) Next 0x0(0)/0x0(0)/0x0(0)
    Last retransmission scan length is 1, maximum is 1
    Last retransmission scan time is 1 msec, maximum is 1 msec
R1#

2023-03-02 08:05:34,105: %UNICON-INFO: +++ R1 with via 'cli': executing command 'show ip ospf interface GigabitEthernet0/3' +++
show ip ospf interface GigabitEthernet0/3
GigabitEthernet0/3 is up, line protocol is up 
  Internet Address 192.168.8.1/24, Area 0, Attached via Interface Enable
  Process ID 1, Router ID 1.1.1.1, Network Type BROADCAST, Cost: 1
  Topology-MTID    Cost    Disabled    Shutdown      Topology Name
        0           1         no          no            Base
  Enabled by interface config, including secondary ip addresses
  Transmit Delay is 1 sec, State DR, Priority 1
  Designated Router (ID) 1.1.1.1, Interface address 192.168.8.1
  Backup Designated router (ID) 5.5.5.5, Interface address 192.168.8.5
  Timer intervals configured, Hello 10, Dead 40, Wait 40, Retransmit 5
    oob-resync timeout 40
    Hello due in 00:00:07
  Supports Link-local Signaling (LLS)
  Cisco NSF helper support enabled
  IETF NSF helper support enabled
  Index 1/3/3, flood queue length 0
  Next 0x0(0)/0x0(0)/0x0(0)
  Last flood scan length is 2, maximum is 2
  Last flood scan time is 0 msec, maximum is 6 msec
  Neighbor Count is 1, Adjacent neighbor count is 1 
    Adjacent with neighbor 5.5.5.5  (Backup Designated Router)
  Suppress hello for 0 neighbor(s)
R1#

2023-03-02 08:05:34,523: %UNICON-INFO: +++ R1 with via 'cli': executing command 'show running-config | section router ospf 1' +++
show running-config | section router ospf 1
router ospf 1
 router-id 1.1.1.1
R1#

2023-03-02 08:05:37,183: %UNICON-INFO: +++ R1 with via 'cli': executing command 'show ip ospf interface GigabitEthernet0/2' +++
show ip ospf interface GigabitEthernet0/2
GigabitEthernet0/2 is up, line protocol is up 
  Internet Address 192.168.9.1/24, Area 0, Attached via Interface Enable
  Process ID 1, Router ID 1.1.1.1, Network Type BROADCAST, Cost: 1
  Topology-MTID    Cost    Disabled    Shutdown      Topology Name
        0           1         no          no            Base
  Enabled by interface config, including secondary ip addresses
  Transmit Delay is 1 sec, State BDR, Priority 1
  Designated Router (ID) 4.4.4.4, Interface address 192.168.9.2
  Backup Designated router (ID) 1.1.1.1, Interface address 192.168.9.1
  Timer intervals configured, Hello 10, Dead 40, Wait 40, Retransmit 5
    oob-resync timeout 40
    Hello due in 00:00:00
  Supports Link-local Signaling (LLS)
  Cisco NSF helper support enabled
  IETF NSF helper support enabled
  Index 1/2/2, flood queue length 0
  Next 0x0(0)/0x0(0)/0x0(0)
  Last flood scan length is 2, maximum is 2
  Last flood scan time is 0 msec, maximum is 3 msec
  Neighbor Count is 1, Adjacent neighbor count is 1 
    Adjacent with neighbor 4.4.4.4  (Designated Router)
  Suppress hello for 0 neighbor(s)
R1#

2023-03-02 08:05:37,591: %UNICON-INFO: +++ R1 with via 'cli': executing command 'show running-config | section router ospf 1' +++
show running-config | section router ospf 1
router ospf 1
 router-id 1.1.1.1
R1#

2023-03-02 08:05:40,295: %UNICON-INFO: +++ R1 with via 'cli': executing command 'show ip ospf interface GigabitEthernet0/1' +++
show ip ospf interface GigabitEthernet0/1
GigabitEthernet0/1 is up, line protocol is up 
  Internet Address 192.168.10.1/24, Area 0, Attached via Interface Enable
  Process ID 1, Router ID 1.1.1.1, Network Type BROADCAST, Cost: 1
  Topology-MTID    Cost    Disabled    Shutdown      Topology Name
        0           1         no          no            Base
  Enabled by interface config, including secondary ip addresses
  Transmit Delay is 1 sec, State DR, Priority 1
  Designated Router (ID) 1.1.1.1, Interface address 192.168.10.1
  Backup Designated router (ID) 3.3.3.3, Interface address 192.168.10.3
  Timer intervals configured, Hello 10, Dead 40, Wait 40, Retransmit 5
    oob-resync timeout 40
    Hello due in 00:00:07
  Supports Link-local Signaling (LLS)
  Cisco NSF helper support enabled
  IETF NSF helper support enabled
  Index 1/1/1, flood queue length 0
  Next 0x0(0)/0x0(0)/0x0(0)
  Last flood scan length is 0, maximum is 2
  Last flood scan time is 0 msec, maximum is 5 msec
  Neighbor Count is 1, Adjacent neighbor count is 1 
    Adjacent with neighbor 3.3.3.3  (Backup Designated Router)
  Suppress hello for 0 neighbor(s)
R1#

2023-03-02 08:05:40,714: %UNICON-INFO: +++ R1 with via 'cli': executing command 'show running-config | section router ospf 1' +++
show running-config | section router ospf 1
router ospf 1
 router-id 1.1.1.1
R1#

2023-03-02 08:05:43,472: %UNICON-INFO: +++ R1 with via 'cli': executing command 'show ip ospf sham-links' +++
show ip ospf sham-links
R1#</msg>
<status status="PASS" starttime="20230302 08:05:14.229" endtime="20230302 08:05:43.859"/>
</kw>
<kw name="verify count &quot;3&quot; &quot;ospf neighbors&quot; on device &quot;R2&quot;" library="genie.libs.robot.GenieRobot" sourcename="verify count &quot;${number:[^&quot;]+}&quot; &quot;${structure:[^&quot;]+}&quot; on device &quot;${device:[^&quot;]+}&quot;">
<doc>Verify that a specific number of &lt;...&gt; is &lt;...&gt; on a device.</doc>
<msg timestamp="20230302 08:05:52.949" level="INFO">Could not learn &lt;class 'genie.libs.parser.iosxe.show_ospf.ShowIpOspfVirtualLinks'&gt;
Show Command: show ip ospf virtual-links
Parser Output is empty</msg>
<msg timestamp="20230302 08:06:10.519" level="INFO">Could not learn &lt;class 'genie.libs.parser.iosxe.show_ospf.ShowIpOspfShamLinks'&gt;
Show Command: show ip ospf sham-links
Parser Output is empty</msg>
<msg timestamp="20230302 08:06:10.520" level="INFO">+====================================================================================================================================================+</msg>
<msg timestamp="20230302 08:06:10.520" level="INFO">| Commands for learning feature 'Ospf'                                                                                                               |</msg>
<msg timestamp="20230302 08:06:10.520" level="INFO">+====================================================================================================================================================+</msg>
<msg timestamp="20230302 08:06:10.520" level="INFO">| - Parsed commands                                                                                                                                  |</msg>
<msg timestamp="20230302 08:06:10.520" level="INFO">|----------------------------------------------------------------------------------------------------------------------------------------------------|</msg>
<msg timestamp="20230302 08:06:10.520" level="INFO">|   cmd: &lt;class 'genie.libs.parser.iosxe.show_ospf.ShowIpOspf'&gt;                                                                                      |</msg>
<msg timestamp="20230302 08:06:10.520" level="INFO">|   cmd: &lt;class 'genie.libs.parser.iosxe.show_protocols.ShowIpProtocols'&gt;, arguments: {'vrf':''}                                                     |</msg>
<msg timestamp="20230302 08:06:10.520" level="INFO">|   cmd: &lt;class 'genie.libs.parser.iosxe.show_ospf.ShowIpOspfMplsLdpInterface'&gt;, arguments: {'interface':''}                                         |</msg>
<msg timestamp="20230302 08:06:10.520" level="INFO">|   cmd: &lt;class 'genie.libs.parser.iosxe.show_ospf.ShowIpOspfMplsTrafficEngLink'&gt;                                                                    |</msg>
<msg timestamp="20230302 08:06:10.520" level="INFO">|   cmd: &lt;class 'genie.libs.parser.iosxe.show_ospf.ShowIpOspfDatabaseRouter'&gt;                                                                        |</msg>
<msg timestamp="20230302 08:06:10.520" level="INFO">|   cmd: &lt;class 'genie.libs.parser.iosxe.show_ospf.ShowIpOspfDatabaseNetwork'&gt;                                                                       |</msg>
<msg timestamp="20230302 08:06:10.520" level="INFO">|   cmd: &lt;class 'genie.libs.parser.iosxe.show_ospf.ShowIpOspfDatabaseExternal'&gt;                                                                      |</msg>
<msg timestamp="20230302 08:06:10.520" level="INFO">|   cmd: &lt;class 'genie.libs.parser.iosxe.show_ospf.ShowIpOspfDatabaseSummary'&gt;                                                                       |</msg>
<msg timestamp="20230302 08:06:10.520" level="INFO">|   cmd: &lt;class 'genie.libs.parser.iosxe.show_ospf.ShowIpOspfDatabaseOpaqueArea'&gt;                                                                    |</msg>
<msg timestamp="20230302 08:06:10.520" level="INFO">|   cmd: &lt;class 'genie.libs.parser.iosxe.show_ospf.ShowIpOspfInterface'&gt;, arguments: {'interface':''}                                                |</msg>
<msg timestamp="20230302 08:06:10.520" level="INFO">|   cmd: &lt;class 'genie.libs.parser.iosxe.show_ospf.ShowIpOspfNeighborDetail'&gt;, arguments: {'neighbor':''}                                            |</msg>
<msg timestamp="20230302 08:06:10.520" level="INFO">|====================================================================================================================================================|</msg>
<msg timestamp="20230302 08:06:10.521" level="INFO">| - Commands with empty output                                                                                                                       |</msg>
<msg timestamp="20230302 08:06:10.521" level="INFO">|----------------------------------------------------------------------------------------------------------------------------------------------------|</msg>
<msg timestamp="20230302 08:06:10.521" level="INFO">|   cmd: &lt;class 'genie.libs.parser.iosxe.show_ospf.ShowIpOspfVirtualLinks'&gt;                                                                          |</msg>
<msg timestamp="20230302 08:06:10.521" level="INFO">|   cmd: &lt;class 'genie.libs.parser.iosxe.show_ospf.ShowIpOspfShamLinks'&gt;                                                                             |</msg>
<msg timestamp="20230302 08:06:10.521" level="INFO">|====================================================================================================================================================|</msg>
<msg timestamp="20230302 08:06:10.641" level="INFO">2023-03-02 08:05:44,310: %UNICON-INFO: +++ R2 with via 'cli': executing command 'show ip ospf' +++
show ip ospf
 Routing Process "ospf 1" with ID 2.2.2.2
 Start time: 00:21:10.264, Time elapsed: 2d02h
 Supports only single TOS(TOS0) routes
 Supports opaque LSA
 Supports Link-local Signaling (LLS)
 Supports area transit capability
 Supports NSSA (compatible with RFC 3101)
 Supports Database Exchange Summary List Optimization (RFC 5243)
 Event-log enabled, Maximum number of events: 1000, Mode: cyclic
 Router is not originating router-LSAs with maximum metric
 Initial SPF schedule delay 5000 msecs
 Minimum hold time between two consecutive SPFs 10000 msecs
 Maximum wait time between two consecutive SPFs 10000 msecs
 Incremental-SPF disabled
 Minimum LSA interval 5 secs
 Minimum LSA arrival 1000 msecs
 LSA group pacing timer 240 secs
 Interface flood pacing timer 33 msecs
 Retransmission pacing timer 66 msecs
 EXCHANGE/LOADING adjacency limit: initial 300, process maximum 300
 Number of external LSA 0. Checksum Sum 0x000000
 Number of opaque AS LSA 0. Checksum Sum 0x000000
 Number of DCbitless external and opaque AS LSA 0
 Number of DoNotAge external and opaque AS LSA 0
 Number of areas in this router is 1. 1 normal 0 stub 0 nssa
 Number of areas transit capable is 0
 External flood list length 0
 IETF NSF helper support enabled
 Cisco NSF helper support enabled
 Reference bandwidth unit is 100 mbps
    Area BACKBONE(0)
        Number of interfaces in this area is 3
	Area has no authentication
	SPF algorithm last executed 00:04:04.200 ago
	SPF algorithm executed 34 times
	Area ranges are
	Number of LSA 11. Checksum Sum 0x0564A1
	Number of opaque link LSA 0. Checksum Sum 0x000000
	Number of DCbitless LSA 0
	Number of indication LSA 0
	Number of DoNotAge LSA 0
	Flood list length 0

R2#

2023-03-02 08:05:44,619: %UNICON-INFO: +++ R2 with via 'cli': executing command 'show ip protocols' +++
show ip protocols
*** IP Routing is NSF aware ***

Routing Protocol is "application"
  Sending updates every 0 seconds
  Invalid after 0 seconds, hold down 0, flushed after 0
  Outgoing update filter list for all interfaces is not set
  Incoming update filter list for all interfaces is not set
  Maximum path: 32
  Routing for Networks:
  Routing Information Sources:
    Gateway         Distance      Last Update
  Distance: (default is 4)

Routing Protocol is "ospf 1"
  Outgoing update filter list for all interfaces is not set
  Incoming update filter list for all interfaces is not set
  Router ID 2.2.2.2
  Number of areas in this router is 1. 1 normal 0 stub 0 nssa
  Maximum path: 4
  Routing for Networks:
  Routing on Interfaces Configured Explicitly (Area 0):
    GigabitEthernet0/3
    GigabitEthernet0/2
    GigabitEthernet0/1
  Routing Information Sources:
    Gateway         Distance      Last Update
    4.4.4.4              110      18:06:32
    1.1.1.1              110      1d10h
  Distance: (default is 110)

R2#

2023-03-02 08:05:44,963: %UNICON-INFO: +++ R2 with via 'cli': executing command 'show running-config | section router ospf 1' +++
show running-config | section router ospf 1
router ospf 1
 router-id 2.2.2.2
R2#

2023-03-02 08:05:47,512: %UNICON-INFO: +++ R2 with via 'cli': executing command 'show ip ospf mpls ldp interface' +++
show ip ospf mpls ldp interface
GigabitEthernet0/3
  Process ID 1, Area 0
  LDP is not configured through LDP autoconfig
  LDP-IGP Synchronization : Not required
  Holddown timer is disabled
  Interface is up 
GigabitEthernet0/2
  Process ID 1, Area 0
  LDP is not configured through LDP autoconfig
  LDP-IGP Synchronization : Not required
  Holddown timer is disabled
  Interface is up 
GigabitEthernet0/1
  Process ID 1, Area 0
  LDP is not configured through LDP autoconfig
  LDP-IGP Synchronization : Not required
  Holddown timer is disabled
  Interface is up 
R2#

2023-03-02 08:05:47,869: %UNICON-INFO: +++ R2 with via 'cli': executing command 'show ip ospf mpls traffic-eng link' +++
show ip ospf mpls traffic-eng link

            OSPF Router with ID (2.2.2.2) (Process ID 1)

  Area 0 MPLS TE not initialized
R2#

2023-03-02 08:05:48,303: %UNICON-INFO: +++ R2 with via 'cli': executing command 'show running-config | section router ospf 1' +++
show running-config | section router ospf 1
router ospf 1
 router-id 2.2.2.2
R2#

2023-03-02 08:05:50,802: %UNICON-INFO: +++ R2 with via 'cli': executing command 'show ip ospf database router' +++
show ip ospf database router

            OSPF Router with ID (2.2.2.2) (Process ID 1)

		Router Link States (Area 0)

  LS age: 257
  Options: (No TOS-capability, DC)
  LS Type: Router Links
  Link State ID: 1.1.1.1
  Advertising Router: 1.1.1.1
  LS Seq Number: 8000007B
  Checksum: 0x3F9B
  Length: 60
  Number of Links: 3

    Link connected to: a Transit Network
     (Link ID) Designated Router address: 192.168.8.1
     (Link Data) Router Interface address: 192.168.8.1
      Number of MTID metrics: 0
       TOS 0 Metrics: 1

    Link connected to: a Transit Network
     (Link ID) Designated Router address: 192.168.9.2
     (Link Data) Router Interface address: 192.168.9.1
      Number of MTID metrics: 0
       TOS 0 Metrics: 1

    Link connected to: a Transit Network
     (Link ID) Designated Router address: 192.168.10.1
     (Link Data) Router Interface address: 192.168.10.1
      Number of MTID metrics: 0
       TOS 0 Metrics: 1


  LS age: 1631
  Options: (No TOS-capability, DC)
  LS Type: Router Links
  Link State ID: 2.2.2.2
  Advertising Router: 2.2.2.2
  LS Seq Number: 80000070
  Checksum: 0x3BF
  Length: 60
  Number of Links: 3

    Link connected to: a Transit Network
     (Link ID) Designated Router address: 192.168.13.5
     (Link Data) Router Interface address: 192.168.13.2
      Number of MTID metrics: 0
       TOS 0 Metrics: 1

    Link connected to: a Transit Network
     (Link ID) Designated Router address: 192.168.12.2
     (Link Data) Router Interface address: 192.168.12.2
      Number of MTID metrics: 0
       TOS 0 Metrics: 1

    Link connected to: a Transit Network
     (Link ID) Designated Router address: 192.168.11.3
     (Link Data) Router Interface address: 192.168.11.2
      Number of MTID metrics: 0
       TOS 0 Metrics: 1


  LS age: 152
  Options: (No TOS-capability, DC)
  LS Type: Router Links
  Link State ID: 3.3.3.3
  Advertising Router: 3.3.3.3
  LS Seq Number: 80000068
  Checksum: 0x6F5A
  Length: 48
  Number of Links: 2

    Link connected to: a Transit Network
     (Link ID) Designated Router address: 192.168.11.3
     (Link Data) Router Interface address: 192.168.11.3
      Number of MTID metrics: 0
       TOS 0 Metrics: 1

    Link connected to: a Transit Network
     (Link ID) Designated Router address: 192.168.10.1
     (Link Data) Router Interface address: 192.168.10.3
      Number of MTID metrics: 0
       TOS 0 Metrics: 1


  LS age: 251
  Options: (No TOS-capability, DC)
  LS Type: Router Links
  Link State ID: 4.4.4.4
  Advertising Router: 4.4.4.4
  LS Seq Number: 8000006E
  Checksum: 0xFEBC
  Length: 48
  Number of Links: 2

    Link connected to: a Transit Network
     (Link ID) Designated Router address: 192.168.12.2
     (Link Data) Router Interface address: 192.168.12.4
      Number of MTID metrics: 0
       TOS 0 Metrics: 1

    Link connected to: a Transit Network
     (Link ID) Designated Router address: 192.168.9.2
     (Link Data) Router Interface address: 192.168.9.2
      Number of MTID metrics: 0
       TOS 0 Metrics: 1


  LS age: 1034
  Options: (No TOS-capability, DC)
  LS Type: Router Links
  Link State ID: 5.5.5.5
  Advertising Router: 5.5.5.5
  LS Seq Number: 80000061
  Checksum: 0x19A1
  Length: 48
  Number of Links: 2

    Link connected to: a Transit Network
     (Link ID) Designated Router address: 192.168.13.5
     (Link Data) Router Interface address: 192.168.13.5
      Number of MTID metrics: 0
       TOS 0 Metrics: 1

    Link connected to: a Transit Network
     (Link ID) Designated Router address: 192.168.8.1
     (Link Data) Router Interface address: 192.168.8.5
      Number of MTID metrics: 0
       TOS 0 Metrics: 1


R2#

2023-03-02 08:05:51,170: %UNICON-INFO: +++ R2 with via 'cli': executing command 'show ip ospf database network' +++
show ip ospf database network

            OSPF Router with ID (2.2.2.2) (Process ID 1)

		Net Link States (Area 0)

  LS age: 324
  Options: (No TOS-capability, DC)
  LS Type: Network Links
  Link State ID: 192.168.8.1 (address of Designated Router)
  Advertising Router: 1.1.1.1
  LS Seq Number: 8000005B
  Checksum: 0xD57B
  Length: 32
  Network Mask: /24
	Attached Router: 1.1.1.1
	Attached Router: 5.5.5.5

  LS age: 256
  Options: (No TOS-capability, DC)
  LS Type: Network Links
  Link State ID: 192.168.9.2 (address of Designated Router)
  Advertising Router: 4.4.4.4
  LS Seq Number: 80000001
  Checksum: 0xB8E8
  Length: 32
  Network Mask: /24
	Attached Router: 4.4.4.4
	Attached Router: 1.1.1.1

  LS age: 820
  Options: (No TOS-capability, DC)
  LS Type: Network Links
  Link State ID: 192.168.10.1 (address of Designated Router)
  Advertising Router: 1.1.1.1
  LS Seq Number: 8000005B
  Checksum: 0x5BFB
  Length: 32
  Network Mask: /24
	Attached Router: 1.1.1.1
	Attached Router: 3.3.3.3

  LS age: 152
  Options: (No TOS-capability, DC)
  LS Type: Network Links
  Link State ID: 192.168.11.3 (address of Designated Router)
  Advertising Router: 3.3.3.3
  LS Seq Number: 8000005B
  Checksum: 0x1236
  Length: 32
  Network Mask: /24
	Attached Router: 3.3.3.3
	Attached Router: 2.2.2.2

  LS age: 1631
  Options: (No TOS-capability, DC)
  LS Type: Network Links
  Link State ID: 192.168.12.2 (address of Designated Router)
  Advertising Router: 2.2.2.2
  LS Seq Number: 8000003E
  Checksum: 0xABB9
  Length: 32
  Network Mask: /24
	Attached Router: 2.2.2.2
	Attached Router: 4.4.4.4

  LS age: 1034
  Options: (No TOS-capability, DC)
  LS Type: Network Links
  Link State ID: 192.168.13.5 (address of Designated Router)
  Advertising Router: 5.5.5.5
  LS Seq Number: 8000005A
  Checksum: 0xF143
  Length: 32
  Network Mask: /24
	Attached Router: 5.5.5.5
	Attached Router: 2.2.2.2

R2#

2023-03-02 08:05:51,538: %UNICON-INFO: +++ R2 with via 'cli': executing command 'show ip ospf database external' +++
show ip ospf database external

            OSPF Router with ID (2.2.2.2) (Process ID 1)
R2#

2023-03-02 08:05:51,948: %UNICON-INFO: +++ R2 with via 'cli': executing command 'show ip ospf database summary' +++
show ip ospf database summary

            OSPF Router with ID (2.2.2.2) (Process ID 1)
R2#

2023-03-02 08:05:52,322: %UNICON-INFO: +++ R2 with via 'cli': executing command 'show ip ospf database opaque-area' +++
show ip ospf database opaque-area

            OSPF Router with ID (2.2.2.2) (Process ID 1)
R2#

2023-03-02 08:05:52,675: %UNICON-INFO: +++ R2 with via 'cli': executing command 'show ip ospf virtual-links' +++
show ip ospf virtual-links
R2#

2023-03-02 08:05:53,016: %UNICON-INFO: +++ R2 with via 'cli': executing command 'show ip ospf interface' +++
show ip ospf interface
GigabitEthernet0/3 is up, line protocol is up 
  Internet Address 192.168.13.2/24, Area 0, Attached via Interface Enable
  Process ID 1, Router ID 2.2.2.2, Network Type BROADCAST, Cost: 1
  Topology-MTID    Cost    Disabled    Shutdown      Topology Name
        0           1         no          no            Base
  Enabled by interface config, including secondary ip addresses
  Transmit Delay is 1 sec, State BDR, Priority 1
  Designated Router (ID) 5.5.5.5, Interface address 192.168.13.5
  Backup Designated router (ID) 2.2.2.2, Interface address 192.168.13.2
  Timer intervals configured, Hello 10, Dead 40, Wait 40, Retransmit 5
    oob-resync timeout 40
    Hello due in 00:00:03
  Supports Link-local Signaling (LLS)
  Cisco NSF helper support enabled
  IETF NSF helper support enabled
  Index 1/3/3, flood queue length 0
  Next 0x0(0)/0x0(0)/0x0(0)
  Last flood scan length is 2, maximum is 2
  Last flood scan time is 0 msec, maximum is 4 msec
  Neighbor Count is 1, Adjacent neighbor count is 1 
    Adjacent with neighbor 5.5.5.5  (Designated Router)
  Suppress hello for 0 neighbor(s)
GigabitEthernet0/2 is up, line protocol is up 
  Internet Address 192.168.12.2/24, Area 0, Attached via Interface Enable
  Process ID 1, Router ID 2.2.2.2, Network Type BROADCAST, Cost: 1
  Topology-MTID    Cost    Disabled    Shutdown      Topology Name
        0           1         no          no            Base
  Enabled by interface config, including secondary ip addresses
  Transmit Delay is 1 sec, State DR, Priority 1
  Designated Router (ID) 2.2.2.2, Interface address 192.168.12.2
  Backup Designated router (ID) 4.4.4.4, Interface address 192.168.12.4
  Timer intervals configured, Hello 10, Dead 40, Wait 40, Retransmit 5
    oob-resync timeout 40
    Hello due in 00:00:03
  Supports Link-local Signaling (LLS)
  Cisco NSF helper support enabled
  IETF NSF helper support enabled
  Index 1/2/2, flood queue length 0
  Next 0x0(0)/0x0(0)/0x0(0)
  Last flood scan length is 2, maximum is 2
  Last flood scan time is 0 msec, maximum is 4 msec
  Neighbor Count is 1, Adjacent neighbor count is 1 
    Adjacent with neighbor 4.4.4.4  (Backup Designated Router)
  Suppress hello for 0 neighbor(s)
GigabitEthernet0/1 is up, line protocol is up 
  Internet Address 192.168.11.2/24, Area 0, Attached via Interface Enable
  Process ID 1, Router ID 2.2.2.2, Network Type BROADCAST, Cost: 1
  Topology-MTID    Cost    Disabled    Shutdown      Topology Name
        0           1         no          no            Base
  Enabled by interface config, including secondary ip addresses
  Transmit Delay is 1 sec, State BDR, Priority 1
  Designated Router (ID) 3.3.3.3, Interface address 192.168.11.3
  Backup Designated router (ID) 2.2.2.2, Interface address 192.168.11.2
  Timer intervals configured, Hello 10, Dead 40, Wait 40, Retransmit 5
    oob-resync timeout 40
    Hello due in 00:00:04
  Supports Link-local Signaling (LLS)
  Cisco NSF helper support enabled
  IETF NSF helper support enabled
  Index 1/1/1, flood queue length 0
  Next 0x0(0)/0x0(0)/0x0(0)
  Last flood scan length is 1, maximum is 2
  Last flood scan time is 0 msec, maximum is 3 msec
  Neighbor Count is 1, Adjacent neighbor count is 1 
    Adjacent with neighbor 3.3.3.3  (Designated Router)
  Suppress hello for 0 neighbor(s)
R2#

2023-03-02 08:05:53,348: %UNICON-INFO: +++ R2 with via 'cli': executing command 'show running-config | section router ospf 1' +++
show running-config | section router ospf 1
router ospf 1
 router-id 2.2.2.2
R2#

2023-03-02 08:05:55,897: %UNICON-INFO: +++ R2 with via 'cli': executing command 'show running-config | section router ospf 1' +++
show running-config | section router ospf 1
router ospf 1
 router-id 2.2.2.2
R2#

2023-03-02 08:05:58,443: %UNICON-INFO: +++ R2 with via 'cli': executing command 'show running-config | section router ospf 1' +++
show running-config | section router ospf 1
router ospf 1
 router-id 2.2.2.2
R2#

2023-03-02 08:06:00,960: %UNICON-INFO: +++ R2 with via 'cli': executing command 'show ip ospf neighbor detail' +++
show ip ospf neighbor detail
 Neighbor 5.5.5.5, interface address 192.168.13.5
    In the area 0 via interface GigabitEthernet0/3
    Neighbor priority is 1, State is FULL, 6 state changes
    DR is 192.168.13.5 BDR is 192.168.13.2
    Options is 0x12 in Hello (E-bit, L-bit)
    Options is 0x52 in DBD (E-bit, L-bit, O-bit)
    LLS Options is 0x1 (LR)
    Dead timer due in 00:00:39
    Neighbor is up for 2d02h   
    Index 1/3/3, retransmission queue length 0, number of retransmission 0
    First 0x0(0)/0x0(0)/0x0(0) Next 0x0(0)/0x0(0)/0x0(0)
    Last retransmission scan length is 0, maximum is 0
    Last retransmission scan time is 0 msec, maximum is 0 msec
 Neighbor 4.4.4.4, interface address 192.168.12.4
    In the area 0 via interface GigabitEthernet0/2
    Neighbor priority is 1, State is FULL, 6 state changes
    DR is 192.168.12.2 BDR is 192.168.12.4
    Options is 0x12 in Hello (E-bit, L-bit)
    Options is 0x52 in DBD (E-bit, L-bit, O-bit)
    LLS Options is 0x1 (LR)
    Dead timer due in 00:00:36
    Neighbor is up for 1d10h   
    Index 1/2/2, retransmission queue length 0, number of retransmission 0
    First 0x0(0)/0x0(0)/0x0(0) Next 0x0(0)/0x0(0)/0x0(0)
    Last retransmission scan length is 0, maximum is 0
    Last retransmission scan time is 0 msec, maximum is 0 msec
 Neighbor 3.3.3.3, interface address 192.168.11.3
    In the area 0 via interface GigabitEthernet0/1
    Neighbor priority is 1, State is FULL, 6 state changes
    DR is 192.168.11.3 BDR is 192.168.11.2
    Options is 0x12 in Hello (E-bit, L-bit)
    Options is 0x52 in DBD (E-bit, L-bit, O-bit)
    LLS Options is 0x1 (LR)
    Dead timer due in 00:00:32
    Neighbor is up for 2d02h   
    Index 1/1/1, retransmission queue length 0, number of retransmission 0
    First 0x0(0)/0x0(0)/0x0(0) Next 0x0(0)/0x0(0)/0x0(0)
    Last retransmission scan length is 0, maximum is 0
    Last retransmission scan time is 0 msec, maximum is 0 msec
R2#

2023-03-02 08:06:01,498: %UNICON-INFO: +++ R2 with via 'cli': executing command 'show ip ospf interface GigabitEthernet0/3' +++
show ip ospf interface GigabitEthernet0/3
GigabitEthernet0/3 is up, line protocol is up 
  Internet Address 192.168.13.2/24, Area 0, Attached via Interface Enable
  Process ID 1, Router ID 2.2.2.2, Network Type BROADCAST, Cost: 1
  Topology-MTID    Cost    Disabled    Shutdown      Topology Name
        0           1         no          no            Base
  Enabled by interface config, including secondary ip addresses
  Transmit Delay is 1 sec, State BDR, Priority 1
  Designated Router (ID) 5.5.5.5, Interface address 192.168.13.5
  Backup Designated router (ID) 2.2.2.2, Interface address 192.168.13.2
  Timer intervals configured, Hello 10, Dead 40, Wait 40, Retransmit 5
    oob-resync timeout 40
    Hello due in 00:00:04
  Supports Link-local Signaling (LLS)
  Cisco NSF helper support enabled
  IETF NSF helper support enabled
  Index 1/3/3, flood queue length 0
  Next 0x0(0)/0x0(0)/0x0(0)
  Last flood scan length is 2, maximum is 2
  Last flood scan time is 0 msec, maximum is 4 msec
  Neighbor Count is 1, Adjacent neighbor count is 1 
    Adjacent with neighbor 5.5.5.5  (Designated Router)
  Suppress hello for 0 neighbor(s)
R2#

2023-03-02 08:06:01,894: %UNICON-INFO: +++ R2 with via 'cli': executing command 'show running-config | section router ospf 1' +++
show running-config | section router ospf 1
router ospf 1
 router-id 2.2.2.2
R2#

2023-03-02 08:06:04,359: %UNICON-INFO: +++ R2 with via 'cli': executing command 'show ip ospf interface GigabitEthernet0/2' +++
show ip ospf interface GigabitEthernet0/2
GigabitEthernet0/2 is up, line protocol is up 
  Internet Address 192.168.12.2/24, Area 0, Attached via Interface Enable
  Process ID 1, Router ID 2.2.2.2, Network Type BROADCAST, Cost: 1
  Topology-MTID    Cost    Disabled    Shutdown      Topology Name
        0           1         no          no            Base
  Enabled by interface config, including secondary ip addresses
  Transmit Delay is 1 sec, State DR, Priority 1
  Designated Router (ID) 2.2.2.2, Interface address 192.168.12.2
  Backup Designated router (ID) 4.4.4.4, Interface address 192.168.12.4
  Timer intervals configured, Hello 10, Dead 40, Wait 40, Retransmit 5
    oob-resync timeout 40
    Hello due in 00:00:01
  Supports Link-local Signaling (LLS)
  Cisco NSF helper support enabled
  IETF NSF helper support enabled
  Index 1/2/2, flood queue length 0
  Next 0x0(0)/0x0(0)/0x0(0)
  Last flood scan length is 2, maximum is 2
  Last flood scan time is 0 msec, maximum is 4 msec
  Neighbor Count is 1, Adjacent neighbor count is 1 
    Adjacent with neighbor 4.4.4.4  (Backup Designated Router)
  Suppress hello for 0 neighbor(s)
R2#

2023-03-02 08:06:04,759: %UNICON-INFO: +++ R2 with via 'cli': executing command 'show running-config | section router ospf 1' +++
show running-config | section router ospf 1
router ospf 1
 router-id 2.2.2.2
R2#

2023-03-02 08:06:07,280: %UNICON-INFO: +++ R2 with via 'cli': executing command 'show ip ospf interface GigabitEthernet0/1' +++
show ip ospf interface GigabitEthernet0/1
GigabitEthernet0/1 is up, line protocol is up 
  Internet Address 192.168.11.2/24, Area 0, Attached via Interface Enable
  Process ID 1, Router ID 2.2.2.2, Network Type BROADCAST, Cost: 1
  Topology-MTID    Cost    Disabled    Shutdown      Topology Name
        0           1         no          no            Base
  Enabled by interface config, including secondary ip addresses
  Transmit Delay is 1 sec, State BDR, Priority 1
  Designated Router (ID) 3.3.3.3, Interface address 192.168.11.3
  Backup Designated router (ID) 2.2.2.2, Interface address 192.168.11.2
  Timer intervals configured, Hello 10, Dead 40, Wait 40, Retransmit 5
    oob-resync timeout 40
    Hello due in 00:00:09
  Supports Link-local Signaling (LLS)
  Cisco NSF helper support enabled
  IETF NSF helper support enabled
  Index 1/1/1, flood queue length 0
  Next 0x0(0)/0x0(0)/0x0(0)
  Last flood scan length is 1, maximum is 2
  Last flood scan time is 0 msec, maximum is 3 msec
  Neighbor Count is 1, Adjacent neighbor count is 1 
    Adjacent with neighbor 3.3.3.3  (Designated Router)
  Suppress hello for 0 neighbor(s)
R2#

2023-03-02 08:06:07,680: %UNICON-INFO: +++ R2 with via 'cli': executing command 'show running-config | section router ospf 1' +++
show running-config | section router ospf 1
router ospf 1
 router-id 2.2.2.2
R2#

2023-03-02 08:06:10,239: %UNICON-INFO: +++ R2 with via 'cli': executing command 'show ip ospf sham-links' +++
show ip ospf sham-links
R2#</msg>
<status status="PASS" starttime="20230302 08:05:43.859" endtime="20230302 08:06:10.642"/>
</kw>
<kw name="verify count &quot;2&quot; &quot;ospf neighbors&quot; on device &quot;R3&quot;" library="genie.libs.robot.GenieRobot" sourcename="verify count &quot;${number:[^&quot;]+}&quot; &quot;${structure:[^&quot;]+}&quot; on device &quot;${device:[^&quot;]+}&quot;">
<doc>Verify that a specific number of &lt;...&gt; is &lt;...&gt; on a device.</doc>
<msg timestamp="20230302 08:06:19.455" level="INFO">Could not learn &lt;class 'genie.libs.parser.iosxe.show_ospf.ShowIpOspfVirtualLinks'&gt;
Show Command: show ip ospf virtual-links
Parser Output is empty</msg>
<msg timestamp="20230302 08:06:31.181" level="INFO">Could not learn &lt;class 'genie.libs.parser.iosxe.show_ospf.ShowIpOspfShamLinks'&gt;
Show Command: show ip ospf sham-links
Parser Output is empty</msg>
<msg timestamp="20230302 08:06:31.182" level="INFO">+====================================================================================================================================================+</msg>
<msg timestamp="20230302 08:06:31.182" level="INFO">| Commands for learning feature 'Ospf'                                                                                                               |</msg>
<msg timestamp="20230302 08:06:31.182" level="INFO">+====================================================================================================================================================+</msg>
<msg timestamp="20230302 08:06:31.182" level="INFO">| - Parsed commands                                                                                                                                  |</msg>
<msg timestamp="20230302 08:06:31.182" level="INFO">|----------------------------------------------------------------------------------------------------------------------------------------------------|</msg>
[...]
<msg timestamp="20230302 08:07:11.683" level="INFO">|   cmd: &lt;class 'genie.libs.parser.iosxe.show_ospf.ShowIpOspfShamLinks'&gt;                                                                             |</msg>
<msg timestamp="20230302 08:07:11.683" level="INFO">|====================================================================================================================================================|</msg>
<msg timestamp="20230302 08:07:11.795" level="INFO">2023-03-02 08:06:52,644: %UNICON-INFO: +++ R5 with via 'cli': executing command 'show ip ospf' +++
show ip ospf
 Routing Process "ospf 1" with ID 5.5.5.5
 Start time: 00:22:44.356, Time elapsed: 2d02h
 Supports only single TOS(TOS0) routes
 Supports opaque LSA
 Supports Link-local Signaling (LLS)
 Supports area transit capability
 Supports NSSA (compatible with RFC 3101)
 Supports Database Exchange Summary List Optimization (RFC 5243)
 Event-log enabled, Maximum number of events: 1000, Mode: cyclic
 Router is not originating router-LSAs with maximum metric
 Initial SPF schedule delay 5000 msecs
 Minimum hold time between two consecutive SPFs 10000 msecs
 Maximum wait time between two consecutive SPFs 10000 msecs
 Incremental-SPF disabled
 Minimum LSA interval 5 secs
 Minimum LSA arrival 1000 msecs
 LSA group pacing timer 240 secs
 Interface flood pacing timer 33 msecs
 Retransmission pacing timer 66 msecs
 EXCHANGE/LOADING adjacency limit: initial 300, process maximum 300
 Number of external LSA 0. Checksum Sum 0x000000
 Number of opaque AS LSA 0. Checksum Sum 0x000000
 Number of DCbitless external and opaque AS LSA 0
 Number of DoNotAge external and opaque AS LSA 0
 Number of areas in this router is 1. 1 normal 0 stub 0 nssa
 Number of areas transit capable is 0
 External flood list length 0
 IETF NSF helper support enabled
 Cisco NSF helper support enabled
 Reference bandwidth unit is 100 mbps
    Area BACKBONE(0)
        Number of interfaces in this area is 2
	Area has no authentication
	SPF algorithm last executed 00:05:11.478 ago
	SPF algorithm executed 27 times
	Area ranges are
	Number of LSA 11. Checksum Sum 0x0564A1
	Number of opaque link LSA 0. Checksum Sum 0x000000
	Number of DCbitless LSA 0
	Number of indication LSA 0
	Number of DoNotAge LSA 0
	Flood list length 0

R5#

2023-03-02 08:06:52,953: %UNICON-INFO: +++ R5 with via 'cli': executing command 'show ip protocols' +++
show ip protocols
*** IP Routing is NSF aware ***

Routing Protocol is "application"
  Sending updates every 0 seconds
  Invalid after 0 seconds, hold down 0, flushed after 0
  Outgoing update filter list for all interfaces is not set
  Incoming update filter list for all interfaces is not set
  Maximum path: 32
  Routing for Networks:
  Routing Information Sources:
    Gateway         Distance      Last Update
  Distance: (default is 4)

Routing Protocol is "ospf 1"
  Outgoing update filter list for all interfaces is not set
  Incoming update filter list for all interfaces is not set
  Router ID 5.5.5.5
  Number of areas in this router is 1. 1 normal 0 stub 0 nssa
  Maximum path: 4
  Routing for Networks:
  Routing on Interfaces Configured Explicitly (Area 0):
    GigabitEthernet0/2
    GigabitEthernet0/1
  Routing Information Sources:
    Gateway         Distance      Last Update
    4.4.4.4              110      00:05:11
    2.2.2.2              110      2d02h
    3.3.3.3              110      2d02h
    1.1.1.1              110      00:05:26
  Distance: (default is 110)

R5#

2023-03-02 08:06:53,241: %UNICON-INFO: +++ R5 with via 'cli': executing command 'show running-config | section router ospf 1' +++
show running-config | section router ospf 1
router ospf 1
 router-id 5.5.5.5
R5#

2023-03-02 08:06:55,626: %UNICON-INFO: +++ R5 with via 'cli': executing command 'show ip ospf mpls ldp interface' +++
show ip ospf mpls ldp interface
GigabitEthernet0/2
  Process ID 1, Area 0
  LDP is not configured through LDP autoconfig
  LDP-IGP Synchronization : Not required
  Holddown timer is disabled
  Interface is up 
GigabitEthernet0/1
  Process ID 1, Area 0
  LDP is not configured through LDP autoconfig
  LDP-IGP Synchronization : Not required
  Holddown timer is disabled
  Interface is up 
R5#

2023-03-02 08:06:56,021: %UNICON-INFO: +++ R5 with via 'cli': executing command 'show ip ospf mpls traffic-eng link' +++
show ip ospf mpls traffic-eng link

            OSPF Router with ID (5.5.5.5) (Process ID 1)

  Area 0 MPLS TE not initialized
R5#

2023-03-02 08:06:56,368: %UNICON-INFO: +++ R5 with via 'cli': executing command 'show running-config | section router ospf 1' +++
show running-config | section router ospf 1
router ospf 1
 router-id 5.5.5.5
R5#

2023-03-02 08:06:58,631: %UNICON-INFO: +++ R5 with via 'cli': executing command 'show ip ospf database router' +++
show ip ospf database router

            OSPF Router with ID (5.5.5.5) (Process ID 1)

		Router Link States (Area 0)

  LS age: 322
  Options: (No TOS-capability, DC)
  LS Type: Router Links
  Link State ID: 1.1.1.1
  Advertising Router: 1.1.1.1
  LS Seq Number: 8000007B
  Checksum: 0x3F9B
  Length: 60
  Number of Links: 3

    Link connected to: a Transit Network
     (Link ID) Designated Router address: 192.168.8.1
     (Link Data) Router Interface address: 192.168.8.1
      Number of MTID metrics: 0
       TOS 0 Metrics: 1

    Link connected to: a Transit Network
     (Link ID) Designated Router address: 192.168.9.2
     (Link Data) Router Interface address: 192.168.9.1
      Number of MTID metrics: 0
       TOS 0 Metrics: 1

    Link connected to: a Transit Network
     (Link ID) Designated Router address: 192.168.10.1
     (Link Data) Router Interface address: 192.168.10.1
      Number of MTID metrics: 0
       TOS 0 Metrics: 1


  LS age: 1699
  Options: (No TOS-capability, DC)
  LS Type: Router Links
  Link State ID: 2.2.2.2
  Advertising Router: 2.2.2.2
  LS Seq Number: 80000070
  Checksum: 0x3BF
  Length: 60
  Number of Links: 3

    Link connected to: a Transit Network
     (Link ID) Designated Router address: 192.168.13.5
     (Link Data) Router Interface address: 192.168.13.2
      Number of MTID metrics: 0
       TOS 0 Metrics: 1

    Link connected to: a Transit Network
     (Link ID) Designated Router address: 192.168.12.2
     (Link Data) Router Interface address: 192.168.12.2
      Number of MTID metrics: 0
       TOS 0 Metrics: 1

    Link connected to: a Transit Network
     (Link ID) Designated Router address: 192.168.11.3
     (Link Data) Router Interface address: 192.168.11.2
      Number of MTID metrics: 0
       TOS 0 Metrics: 1


  LS age: 220
  Options: (No TOS-capability, DC)
  LS Type: Router Links
  Link State ID: 3.3.3.3
  Advertising Router: 3.3.3.3
  LS Seq Number: 80000068
  Checksum: 0x6F5A
  Length: 48
  Number of Links: 2

    Link connected to: a Transit Network
     (Link ID) Designated Router address: 192.168.11.3
     (Link Data) Router Interface address: 192.168.11.3
      Number of MTID metrics: 0
       TOS 0 Metrics: 1

    Link connected to: a Transit Network
     (Link ID) Designated Router address: 192.168.10.1
     (Link Data) Router Interface address: 192.168.10.3
      Number of MTID metrics: 0
       TOS 0 Metrics: 1


  LS age: 319
  Options: (No TOS-capability, DC)
  LS Type: Router Links
  Link State ID: 4.4.4.4
  Advertising Router: 4.4.4.4
  LS Seq Number: 8000006E
  Checksum: 0xFEBC
  Length: 48
  Number of Links: 2

    Link connected to: a Transit Network
     (Link ID) Designated Router address: 192.168.12.2
     (Link Data) Router Interface address: 192.168.12.4
      Number of MTID metrics: 0
       TOS 0 Metrics: 1

    Link connected to: a Transit Network
     (Link ID) Designated Router address: 192.168.9.2
     (Link Data) Router Interface address: 192.168.9.2
      Number of MTID metrics: 0
       TOS 0 Metrics: 1


  LS age: 1100
  Options: (No TOS-capability, DC)
  LS Type: Router Links
  Link State ID: 5.5.5.5
  Advertising Router: 5.5.5.5
  LS Seq Number: 80000061
  Checksum: 0x19A1
  Length: 48
  Number of Links: 2

    Link connected to: a Transit Network
     (Link ID) Designated Router address: 192.168.13.5
     (Link Data) Router Interface address: 192.168.13.5
      Number of MTID metrics: 0
       TOS 0 Metrics: 1

    Link connected to: a Transit Network
     (Link ID) Designated Router address: 192.168.8.1
     (Link Data) Router Interface address: 192.168.8.5
      Number of MTID metrics: 0
       TOS 0 Metrics: 1


R5#

2023-03-02 08:06:59,060: %UNICON-INFO: +++ R5 with via 'cli': executing command 'show ip ospf database network' +++
show ip ospf database network

            OSPF Router with ID (5.5.5.5) (Process ID 1)

		Net Link States (Area 0)

  LS age: 390
  Options: (No TOS-capability, DC)
  LS Type: Network Links
  Link State ID: 192.168.8.1 (address of Designated Router)
  Advertising Router: 1.1.1.1
  LS Seq Number: 8000005B
  Checksum: 0xD57B
  Length: 32
  Network Mask: /24
	Attached Router: 1.1.1.1
	Attached Router: 5.5.5.5

  LS age: 324
  Options: (No TOS-capability, DC)
  LS Type: Network Links
  Link State ID: 192.168.9.2 (address of Designated Router)
  Advertising Router: 4.4.4.4
  LS Seq Number: 80000001
  Checksum: 0xB8E8
  Length: 32
  Network Mask: /24
	Attached Router: 4.4.4.4
	Attached Router: 1.1.1.1

  LS age: 886
  Options: (No TOS-capability, DC)
  LS Type: Network Links
  Link State ID: 192.168.10.1 (address of Designated Router)
  Advertising Router: 1.1.1.1
  LS Seq Number: 8000005B
  Checksum: 0x5BFB
  Length: 32
  Network Mask: /24
	Attached Router: 1.1.1.1
	Attached Router: 3.3.3.3

  LS age: 220
  Options: (No TOS-capability, DC)
  LS Type: Network Links
  Link State ID: 192.168.11.3 (address of Designated Router)
  Advertising Router: 3.3.3.3
  LS Seq Number: 8000005B
  Checksum: 0x1236
  Length: 32
  Network Mask: /24
	Attached Router: 3.3.3.3
	Attached Router: 2.2.2.2

  LS age: 1700
  Options: (No TOS-capability, DC)
  LS Type: Network Links
  Link State ID: 192.168.12.2 (address of Designated Router)
  Advertising Router: 2.2.2.2
  LS Seq Number: 8000003E
  Checksum: 0xABB9
  Length: 32
  Network Mask: /24
	Attached Router: 2.2.2.2
	Attached Router: 4.4.4.4

  LS age: 1100
  Options: (No TOS-capability, DC)
  LS Type: Network Links
  Link State ID: 192.168.13.5 (address of Designated Router)
  Advertising Router: 5.5.5.5
  LS Seq Number: 8000005A
  Checksum: 0xF143
  Length: 32
  Network Mask: /24
	Attached Router: 5.5.5.5
	Attached Router: 2.2.2.2

R5#

2023-03-02 08:06:59,417: %UNICON-INFO: +++ R5 with via 'cli': executing command 'show ip ospf database external' +++
show ip ospf database external

            OSPF Router with ID (5.5.5.5) (Process ID 1)
R5#

2023-03-02 08:06:59,745: %UNICON-INFO: +++ R5 with via 'cli': executing command 'show ip ospf database summary' +++
show ip ospf database summary

            OSPF Router with ID (5.5.5.5) (Process ID 1)
R5#

2023-03-02 08:07:00,062: %UNICON-INFO: +++ R5 with via 'cli': executing command 'show ip ospf database opaque-area' +++
show ip ospf database opaque-area

            OSPF Router with ID (5.5.5.5) (Process ID 1)
R5#

2023-03-02 08:07:00,443: %UNICON-INFO: +++ R5 with via 'cli': executing command 'show ip ospf virtual-links' +++
show ip ospf virtual-links
R5#

2023-03-02 08:07:00,761: %UNICON-INFO: +++ R5 with via 'cli': executing command 'show ip ospf interface' +++
show ip ospf interface
GigabitEthernet0/2 is up, line protocol is up 
  Internet Address 192.168.13.5/24, Area 0, Attached via Interface Enable
  Process ID 1, Router ID 5.5.5.5, Network Type BROADCAST, Cost: 1
  Topology-MTID    Cost    Disabled    Shutdown      Topology Name
        0           1         no          no            Base
  Enabled by interface config, including secondary ip addresses
  Transmit Delay is 1 sec, State DR, Priority 1
  Designated Router (ID) 5.5.5.5, Interface address 192.168.13.5
  Backup Designated router (ID) 2.2.2.2, Interface address 192.168.13.2
  Timer intervals configured, Hello 10, Dead 40, Wait 40, Retransmit 5
    oob-resync timeout 40
    Hello due in 00:00:06
  Supports Link-local Signaling (LLS)
  Cisco NSF helper support enabled
  IETF NSF helper support enabled
  Index 1/2/2, flood queue length 0
  Next 0x0(0)/0x0(0)/0x0(0)
  Last flood scan length is 0, maximum is 2
  Last flood scan time is 0 msec, maximum is 4 msec
  Neighbor Count is 1, Adjacent neighbor count is 1 
    Adjacent with neighbor 2.2.2.2  (Backup Designated Router)
  Suppress hello for 0 neighbor(s)
GigabitEthernet0/1 is up, line protocol is up 
  Internet Address 192.168.8.5/24, Area 0, Attached via Interface Enable
  Process ID 1, Router ID 5.5.5.5, Network Type BROADCAST, Cost: 1
  Topology-MTID    Cost    Disabled    Shutdown      Topology Name
        0           1         no          no            Base
  Enabled by interface config, including secondary ip addresses
  Transmit Delay is 1 sec, State BDR, Priority 1
  Designated Router (ID) 1.1.1.1, Interface address 192.168.8.1
  Backup Designated router (ID) 5.5.5.5, Interface address 192.168.8.5
  Timer intervals configured, Hello 10, Dead 40, Wait 40, Retransmit 5
    oob-resync timeout 40
    Hello due in 00:00:01
  Supports Link-local Signaling (LLS)
  Cisco NSF helper support enabled
  IETF NSF helper support enabled
  Index 1/1/1, flood queue length 0
  Next 0x0(0)/0x0(0)/0x0(0)
  Last flood scan length is 2, maximum is 2
  Last flood scan time is 0 msec, maximum is 3 msec
  Neighbor Count is 1, Adjacent neighbor count is 1 
    Adjacent with neighbor 1.1.1.1  (Designated Router)
  Suppress hello for 0 neighbor(s)
R5#

2023-03-02 08:07:01,054: %UNICON-INFO: +++ R5 with via 'cli': executing command 'show running-config | section router ospf 1' +++
show running-config | section router ospf 1
router ospf 1
 router-id 5.5.5.5
R5#

2023-03-02 08:07:03,336: %UNICON-INFO: +++ R5 with via 'cli': executing command 'show running-config | section router ospf 1' +++
show running-config | section router ospf 1
router ospf 1
 router-id 5.5.5.5
R5#

2023-03-02 08:07:05,573: %UNICON-INFO: +++ R5 with via 'cli': executing command 'show ip ospf neighbor detail' +++
show ip ospf neighbor detail
 Neighbor 2.2.2.2, interface address 192.168.13.2
    In the area 0 via interface GigabitEthernet0/2
    Neighbor priority is 1, State is FULL, 6 state changes
    DR is 192.168.13.5 BDR is 192.168.13.2
    Options is 0x12 in Hello (E-bit, L-bit)
    Options is 0x52 in DBD (E-bit, L-bit, O-bit)
    LLS Options is 0x1 (LR)
    Dead timer due in 00:00:37
    Neighbor is up for 2d02h   
    Index 1/2/2, retransmission queue length 0, number of retransmission 0
    First 0x0(0)/0x0(0)/0x0(0) Next 0x0(0)/0x0(0)/0x0(0)
    Last retransmission scan length is 0, maximum is 0
    Last retransmission scan time is 0 msec, maximum is 0 msec
 Neighbor 1.1.1.1, interface address 192.168.8.1
    In the area 0 via interface GigabitEthernet0/1
    Neighbor priority is 1, State is FULL, 6 state changes
    DR is 192.168.8.1 BDR is 192.168.8.5
    Options is 0x12 in Hello (E-bit, L-bit)
    Options is 0x52 in DBD (E-bit, L-bit, O-bit)
    LLS Options is 0x1 (LR)
    Dead timer due in 00:00:32
    Neighbor is up for 2d02h   
    Index 1/1/1, retransmission queue length 0, number of retransmission 0
    First 0x0(0)/0x0(0)/0x0(0) Next 0x0(0)/0x0(0)/0x0(0)
    Last retransmission scan length is 0, maximum is 0
    Last retransmission scan time is 0 msec, maximum is 0 msec
R5#

2023-03-02 08:07:05,927: %UNICON-INFO: +++ R5 with via 'cli': executing command 'show ip ospf interface GigabitEthernet0/2' +++
show ip ospf interface GigabitEthernet0/2
GigabitEthernet0/2 is up, line protocol is up 
  Internet Address 192.168.13.5/24, Area 0, Attached via Interface Enable
  Process ID 1, Router ID 5.5.5.5, Network Type BROADCAST, Cost: 1
  Topology-MTID    Cost    Disabled    Shutdown      Topology Name
        0           1         no          no            Base
  Enabled by interface config, including secondary ip addresses
  Transmit Delay is 1 sec, State DR, Priority 1
  Designated Router (ID) 5.5.5.5, Interface address 192.168.13.5
  Backup Designated router (ID) 2.2.2.2, Interface address 192.168.13.2
  Timer intervals configured, Hello 10, Dead 40, Wait 40, Retransmit 5
    oob-resync timeout 40
    Hello due in 00:00:01
  Supports Link-local Signaling (LLS)
  Cisco NSF helper support enabled
  IETF NSF helper support enabled
  Index 1/2/2, flood queue length 0
  Next 0x0(0)/0x0(0)/0x0(0)
  Last flood scan length is 0, maximum is 2
  Last flood scan time is 0 msec, maximum is 4 msec
  Neighbor Count is 1, Adjacent neighbor count is 1 
    Adjacent with neighbor 2.2.2.2  (Backup Designated Router)
  Suppress hello for 0 neighbor(s)
R5#

2023-03-02 08:07:06,341: %UNICON-INFO: +++ R5 with via 'cli': executing command 'show running-config | section router ospf 1' +++
show running-config | section router ospf 1
router ospf 1
 router-id 5.5.5.5
R5#

2023-03-02 08:07:08,610: %UNICON-INFO: +++ R5 with via 'cli': executing command 'show ip ospf interface GigabitEthernet0/1' +++
show ip ospf interface GigabitEthernet0/1
GigabitEthernet0/1 is up, line protocol is up 
  Internet Address 192.168.8.5/24, Area 0, Attached via Interface Enable
  Process ID 1, Router ID 5.5.5.5, Network Type BROADCAST, Cost: 1
  Topology-MTID    Cost    Disabled    Shutdown      Topology Name
        0           1         no          no            Base
  Enabled by interface config, including secondary ip addresses
  Transmit Delay is 1 sec, State BDR, Priority 1
  Designated Router (ID) 1.1.1.1, Interface address 192.168.8.1
  Backup Designated router (ID) 5.5.5.5, Interface address 192.168.8.5
  Timer intervals configured, Hello 10, Dead 40, Wait 40, Retransmit 5
    oob-resync timeout 40
    Hello due in 00:00:03
  Supports Link-local Signaling (LLS)
  Cisco NSF helper support enabled
  IETF NSF helper support enabled
  Index 1/1/1, flood queue length 0
  Next 0x0(0)/0x0(0)/0x0(0)
  Last flood scan length is 2, maximum is 2
  Last flood scan time is 0 msec, maximum is 3 msec
  Neighbor Count is 1, Adjacent neighbor count is 1 
    Adjacent with neighbor 1.1.1.1  (Designated Router)
  Suppress hello for 0 neighbor(s)
R5#

2023-03-02 08:07:08,988: %UNICON-INFO: +++ R5 with via 'cli': executing command 'show running-config | section router ospf 1' +++
show running-config | section router ospf 1
router ospf 1
 router-id 5.5.5.5
R5#

2023-03-02 08:07:11,400: %UNICON-INFO: +++ R5 with via 'cli': executing command 'show ip ospf sham-links' +++
show ip ospf sham-links
R5#</msg>
<status status="PASS" starttime="20230302 08:06:52.158" endtime="20230302 08:07:11.796"/>
</kw>
<status status="PASS" starttime="20230302 08:05:14.228" endtime="20230302 08:07:11.797"/>
</test>
<test id="s1-t3" name="Disconnect from device" line="20">
<kw name="disconnect from all devices" library="ats.robot.pyATSRobot">
<doc>Disconnect from all devices with default alias.</doc>
<status status="PASS" starttime="20230302 08:07:11.799" endtime="20230302 08:08:06.918"/>
</kw>
<status status="PASS" starttime="20230302 08:07:11.798" endtime="20230302 08:08:06.918"/>
</test>
<status status="PASS" starttime="20230302 08:04:59.318" endtime="20230302 08:08:06.919"/>
</suite>
<statistics>
<total>
<stat pass="3" fail="0" skip="0">All Tests</stat>
</total>
<tag>
</tag>
<suite>
<stat pass="3" fail="0" skip="0" id="s1" name="Ospf1">Ospf1</stat>
</suite>
</statistics>
<errors>
<msg timestamp="20230302 08:05:00.075" level="WARN">Keyword 'genie.libs.robot.GenieRobot.use genie testbed "testbed.yaml"' is deprecated. Please use the "use testbed "${testbed}" keyword instead.</msg>
<msg timestamp="20230302 08:05:03.374" level="WARN">Could not load the trigger datafile correctly, did you specify 'uut' device alias?</msg>
</errors>
</robot>
